{'attempts_id': UUID('c22e14a5-c447-442e-a031-98bba9e55237'), 'attempt_number': 1, 'attempt_stage': 'start', 'time': 804813.016211788, 'method': 'GET', 'url': URL('https://api.elsevier.com/content/abstract/scopus_id/75149190029?view=FULL')}
{'attempts_id': UUID('c22e14a5-c447-442e-a031-98bba9e55237'), 'attempt_number': 1, 'attempt_stage': 'end', 'time': 804813.675704014, 'elapsed_time': 0.659492225968279, 'result': <Success: <Response [200 OK]>>}
umn_issn='09639969'
umn_refcount=103
len(umn_reference_scopus_ids)=103
{'attempts_id': UUID('36a0ce9d-8bdd-4956-9f3b-5e7b62668e7d'), 'attempt_number': 1, 'attempt_stage': 'start', 'time': 804813.680140647, 'method': 'GET', 'url': URL('https://api.elsevier.com/content/abstract/scopus_id/75149160193?view=FULL')}
{'attempts_id': UUID('3abd0ae0-559d-4c4f-a7c1-49d8eeea2d18'), 'attempt_number': 1, 'attempt_stage': 'start', 'time': 804813.681342399, 'method': 'GET', 'url': URL('https://api.elsevier.com/content/abstract/scopus_id/75149115900?view=FULL')}
{'attempts_id': UUID('a08b0d25-06c8-45b5-8c0e-9a17a8c66355'), 'attempt_number': 1, 'attempt_stage': 'start', 'time': 804813.682608917, 'method': 'GET', 'url': URL('https://api.elsevier.com/content/abstract/scopus_id/75149191551?view=FULL')}
{'attempts_id': UUID('9f1f91fd-a218-4bbd-adf1-19ae9b927c3b'), 'attempt_number': 1, 'attempt_stage': 'start', 'time': 804813.683944532, 'method': 'GET', 'url': URL('https://api.elsevier.com/content/abstract/scopus_id/75149193597?view=FULL')}
{'attempts_id': UUID('36a0ce9d-8bdd-4956-9f3b-5e7b62668e7d'), 'attempt_number': 1, 'attempt_stage': 'end', 'time': 804813.91664629, 'elapsed_time': 0.2365056429989636, 'result': <Success: <Response [404 Not Found]>>}
{'attempts_id': UUID('e93b1f5f-111a-4a7c-9591-b01ec4882897'), 'attempt_number': 1, 'attempt_stage': 'start', 'time': 804813.917664534, 'method': 'GET', 'url': URL('https://api.elsevier.com/content/abstract/scopus_id/0344097508?view=FULL')}
Failed! <Success: <Response [404 Not Found]>>
{'attempts_id': UUID('9f1f91fd-a218-4bbd-adf1-19ae9b927c3b'), 'attempt_number': 1, 'attempt_stage': 'end', 'time': 804814.130858485, 'elapsed_time': 0.44691395305562764, 'result': <Success: <Response [404 Not Found]>>}
{'attempts_id': UUID('a69c3cfa-f01c-4ae1-9124-cbff140d08a1'), 'attempt_number': 1, 'attempt_stage': 'start', 'time': 804814.131885035, 'method': 'GET', 'url': URL('https://api.elsevier.com/content/abstract/scopus_id/50649094650?view=FULL')}
Failed! <Success: <Response [404 Not Found]>>
{'attempts_id': UUID('3abd0ae0-559d-4c4f-a7c1-49d8eeea2d18'), 'attempt_number': 1, 'attempt_stage': 'end', 'time': 804814.190907385, 'elapsed_time': 0.509564985986799, 'result': <Success: <Response [404 Not Found]>>}
{'attempts_id': UUID('f0172283-cf34-476f-b298-a49daf0dd3ef'), 'attempt_number': 1, 'attempt_stage': 'start', 'time': 804814.19157116, 'method': 'GET', 'url': URL('https://api.elsevier.com/content/abstract/scopus_id/38249026510?view=FULL')}
Failed! <Success: <Response [404 Not Found]>>
{'attempts_id': UUID('e93b1f5f-111a-4a7c-9591-b01ec4882897'), 'attempt_number': 1, 'attempt_stage': 'end', 'time': 804814.242176765, 'elapsed_time': 0.32451223104726523, 'result': <Success: <Response [200 OK]>>}
{'attempts_id': UUID('675ceec0-bae2-464d-a20c-1c9216012e6e'), 'attempt_number': 1, 'attempt_stage': 'start', 'time': 804814.243286281, 'method': 'GET', 'url': URL('https://api.elsevier.com/content/abstract/scopus_id/84855507947?view=FULL')}
0344097508 {'codencode': 'FOCHD', 'sourcetitle-abbrev': 'Food Chem.', '@country': 'gbr', 'issn': {'$': '03088146', '@type': 'print'}, 'volisspag': {'voliss': {'@volume': '63', '@issue': '4'}, 'pagerange': {'@first': '505', '@last': '512'}}, '@type': 'j', 'publicationyear': {'@first': '1998'}, 'sourcetitle': 'Food Chemistry', '@srcid': '24039', 'publicationdate': {'month': '12', 'year': '1998', 'date-text': {'@xfab-added': 'true', '$': 'December 1998'}}}
{'attempts_id': UUID('a08b0d25-06c8-45b5-8c0e-9a17a8c66355'), 'attempt_number': 1, 'attempt_stage': 'end', 'time': 804814.261122887, 'elapsed_time': 0.5785139700165018, 'result': <Success: <Response [404 Not Found]>>}
{'attempts_id': UUID('1e9ab222-8044-44ae-86ce-f5cf8a3ddabc'), 'attempt_number': 1, 'attempt_stage': 'start', 'time': 804814.26194864, 'method': 'GET', 'url': URL('https://api.elsevier.com/content/abstract/scopus_id/0029833141?view=FULL')}
Failed! <Success: <Response [404 Not Found]>>
{'attempts_id': UUID('a69c3cfa-f01c-4ae1-9124-cbff140d08a1'), 'attempt_number': 1, 'attempt_stage': 'end', 'time': 804814.43886592, 'elapsed_time': 0.3069808849832043, 'result': <Success: <Response [200 OK]>>}
{'attempts_id': UUID('a7ed0933-0f49-47dc-b20f-4a084ec628b9'), 'attempt_number': 1, 'attempt_stage': 'start', 'time': 804814.439980569, 'method': 'GET', 'url': URL('https://api.elsevier.com/content/abstract/scopus_id/75149165376?view=FULL')}
50649094650 {'website': {'ce:e-address': {'$': 'https://academic.oup.com/jaoac/issue', '@type': 'email'}}, 'translated-sourcetitle': {'$': 'Journal of AOAC International', '@xml:lang': 'eng'}, 'volisspag': {'voliss': {'@volume': '91', '@issue': '4'}, 'pagerange': {'@first': '947', '@last': '956'}}, '@type': 'j', 'sourcetitle': 'Journal of AOAC International', 'publicationdate': {'year': '2008', 'date-text': 'July/August 2008'}, 'codencode': 'JAINE', 'sourcetitle-abbrev': 'J AOAC Int', '@country': 'usa', 'issn': {'$': '10603271', '@type': 'print'}, 'publicationyear': {'@first': '2008'}, 'publisher': {'publishername': 'AOAC International'}, '@srcid': '23412'}
{'attempts_id': UUID('675ceec0-bae2-464d-a20c-1c9216012e6e'), 'attempt_number': 1, 'attempt_stage': 'end', 'time': 804814.466625159, 'elapsed_time': 0.22333887801505625, 'result': <Success: <Response [404 Not Found]>>}
{'attempts_id': UUID('05cbbea5-9b96-43d9-b962-7e3a8bc60ef4'), 'attempt_number': 1, 'attempt_stage': 'start', 'time': 804814.467509443, 'method': 'GET', 'url': URL('https://api.elsevier.com/content/abstract/scopus_id/0020362344?view=FULL')}
Failed! <Success: <Response [404 Not Found]>>
{'attempts_id': UUID('f0172283-cf34-476f-b298-a49daf0dd3ef'), 'attempt_number': 1, 'attempt_stage': 'end', 'time': 804814.49228182, 'elapsed_time': 0.30071066005621105, 'result': <Success: <Response [200 OK]>>}
{'attempts_id': UUID('8cd85ac3-5356-4f32-a293-17b7a6cbe2ef'), 'attempt_number': 1, 'attempt_stage': 'start', 'time': 804814.49297285, 'method': 'GET', 'url': URL('https://api.elsevier.com/content/abstract/scopus_id/0030749526?view=FULL')}
38249026510 {'codencode': 'FOCHD', 'sourcetitle-abbrev': 'Food Chem.', 'issn': {'$': '03088146', '@type': 'print'}, 'volisspag': {'voliss': {'@volume': '34', '@issue': '3'}, 'pagerange': {'@first': '229', '@last': '238'}}, '@type': 'j', 'publicationyear': {'@first': '1989'}, 'sourcetitle': 'Food Chemistry', '@srcid': '24039', 'publicationdate': {'year': '1989', 'date-text': '1989'}}
{'attempts_id': UUID('1e9ab222-8044-44ae-86ce-f5cf8a3ddabc'), 'attempt_number': 1, 'attempt_stage': 'end', 'time': 804814.655591791, 'elapsed_time': 0.393643151037395, 'result': <Success: <Response [200 OK]>>}
{'attempts_id': UUID('1e1f5723-9d9b-4127-b5af-2aabbf77e5ee'), 'attempt_number': 1, 'attempt_stage': 'start', 'time': 804814.656609109, 'method': 'GET', 'url': URL('https://api.elsevier.com/content/abstract/scopus_id/0031983817?view=FULL')}
0029833141 {'codencode': 'BJNUA', 'sourcetitle-abbrev': 'BR. J. NUTR.', '@country': 'gbr', 'issn': {'$': '00071145', '@type': 'print'}, 'volisspag': {'voliss': {'@volume': '76', '@issue': '4'}, 'pagerange': {'@first': '613', '@last': '626'}}, '@type': 'j', 'publicationyear': {'@first': '1996'}, 'sourcetitle': 'British Journal of Nutrition', '@srcid': '30025', 'publicationdate': {'month': '10', 'year': '1996', 'date-text': {'@xfab-added': 'true', '$': 'October 1996'}}}
{'attempts_id': UUID('a7ed0933-0f49-47dc-b20f-4a084ec628b9'), 'attempt_number': 1, 'attempt_stage': 'end', 'time': 804814.709444603, 'elapsed_time': 0.26946403400506824, 'result': <Success: <Response [404 Not Found]>>}
{'attempts_id': UUID('907ad676-5c29-4847-8dd8-3322313280a1'), 'attempt_number': 1, 'attempt_stage': 'start', 'time': 804814.709993186, 'method': 'GET', 'url': URL('https://api.elsevier.com/content/abstract/scopus_id/0022967349?view=FULL')}
{'attempts_id': UUID('05cbbea5-9b96-43d9-b962-7e3a8bc60ef4'), 'attempt_number': 1, 'attempt_stage': 'end', 'time': 804814.74924276, 'elapsed_time': 0.28173331695143133, 'result': <Success: <Response [200 OK]>>}
{'attempts_id': UUID('c972342d-8f49-403b-9f82-cc17c546925f'), 'attempt_number': 1, 'attempt_stage': 'start', 'time': 804814.750110786, 'method': 'GET', 'url': URL('https://api.elsevier.com/content/abstract/scopus_id/0036981085?view=FULL')}
0020362344 {'codencode': 'JPFOD', 'sourcetitle-abbrev': 'J. PLANT FOODS', '@country': 'gbr', 'volisspag': {'voliss': {'@volume': '4', '@issue': '1'}, 'pagerange': {'@first': '15', '@last': '22'}}, '@type': 'j', 'publicationyear': {'@first': '1982'}, 'sourcetitle': {'@xfab-added': 'true', '$': 'J. PLANT FOODS'}, '@srcid': '83067', 'publicationdate': {'year': '1982', 'date-text': {'@xfab-added': 'true', '$': '1982'}}}
{'attempts_id': UUID('907ad676-5c29-4847-8dd8-3322313280a1'), 'attempt_number': 1, 'attempt_stage': 'end', 'time': 804814.79511211, 'elapsed_time': 0.08511892391834408, 'result': <Success: <Response [429 Too Many Requests]>>}
{'attempts_id': UUID('c972342d-8f49-403b-9f82-cc17c546925f'), 'attempt_number': 1, 'attempt_stage': 'end', 'time': 804814.826590555, 'elapsed_time': 0.07647976907901466, 'result': <Success: <Response [429 Too Many Requests]>>}
{'attempts_id': UUID('8cd85ac3-5356-4f32-a293-17b7a6cbe2ef'), 'attempt_number': 1, 'attempt_stage': 'end', 'time': 804814.880383951, 'elapsed_time': 0.38741110102273524, 'result': <Success: <Response [200 OK]>>}
{'attempts_id': UUID('ef46ebb8-c7e4-4498-b83e-41dec43821ad'), 'attempt_number': 1, 'attempt_stage': 'start', 'time': 804814.881111526, 'method': 'GET', 'url': URL('https://api.elsevier.com/content/abstract/scopus_id/75149113747?view=FULL')}
0030749526 {'website': {'ce:e-address': {'$': 'www.bjournal.com.br', '@type': 'email'}}, 'translated-sourcetitle': {'$': 'Brazilian Journal of Medical and Biological Research', '@xml:lang': 'eng'}, 'volisspag': {'voliss': {'@volume': '30', '@issue': '7'}, 'pagerange': {'@first': '873', '@last': '881'}}, '@type': 'j', 'sourcetitle': 'Brazilian Journal of Medical and Biological Research', 'publicationdate': {'year': '1997', 'date-text': 'July 1997'}, 'codencode': 'RBPMB', 'sourcetitle-abbrev': 'BRAZ. J. MED. BIOL. RES.', '@country': 'bra', 'issn': {'$': '0100879X', '@type': 'print'}, 'publicationyear': {'@first': '1997'}, 'publisher': {'publishername': 'Associacao Brasileira de Divulgacao Cientifica', 'ce:e-address': {'$': 'bjournal@fmrp.usp.br', '@type': 'email'}}, '@srcid': '28675'}
{'attempts_id': UUID('ef46ebb8-c7e4-4498-b83e-41dec43821ad'), 'attempt_number': 1, 'attempt_stage': 'end', 'time': 804814.965131182, 'elapsed_time': 0.08401965594384819, 'result': <Success: <Response [429 Too Many Requests]>>}
{'attempts_id': UUID('1e1f5723-9d9b-4127-b5af-2aabbf77e5ee'), 'attempt_number': 1, 'attempt_stage': 'end', 'time': 804814.971943721, 'elapsed_time': 0.3153346119215712, 'result': <Success: <Response [200 OK]>>}
{'attempts_id': UUID('7fa33980-c46b-492b-82f1-25352c425dc6'), 'attempt_number': 1, 'attempt_stage': 'start', 'time': 804814.972521184, 'method': 'GET', 'url': URL('https://api.elsevier.com/content/abstract/scopus_id/0016213578?view=FULL')}
0031983817 {'codencode': 'BCPHB', 'sourcetitle-abbrev': 'Br. J. Clin. Pharmacol.', '@country': 'gbr', 'issn': {'$': '03065251', '@type': 'print'}, 'volisspag': {'voliss': {'@volume': '45', '@issue': '2'}, 'pagerange': {'@first': '168', '@last': '169'}}, '@type': 'j', 'publicationyear': {'@first': '1998'}, 'sourcetitle': 'British Journal of Clinical Pharmacology', '@srcid': '20082', 'publicationdate': {'month': '02', 'year': '1998', 'date-text': {'@xfab-added': 'true', '$': 'February 1998'}}}
{'attempts_id': UUID('7fa33980-c46b-492b-82f1-25352c425dc6'), 'attempt_number': 1, 'attempt_stage': 'end', 'time': 804815.332088603, 'elapsed_time': 0.3595674190437421, 'result': <Success: <Response [200 OK]>>}
{'attempts_id': UUID('9cb575a9-f39a-48a7-b624-a182d05aace4'), 'attempt_number': 1, 'attempt_stage': 'start', 'time': 804815.332651232, 'method': 'GET', 'url': URL('https://api.elsevier.com/content/abstract/scopus_id/75149145647?view=FULL')}
0016213578 {'codencode': 'ALANB', 'sourcetitle-abbrev': 'ARCH. LATINOAM. NUTR.', 'issn': {'$': '00040622', '@type': 'print'}, 'volisspag': {'voliss': {'@volume': '24', '@issue': '2'}, 'pagerange': {'@first': '191', '@last': '199'}}, '@type': 'j', 'publicationyear': {'@first': '1974'}, 'sourcetitle': 'Archivos Latinoamericanos de Nutricion', '@srcid': '29996', 'publicationdate': {'year': '1974', 'date-text': {'@xfab-added': 'true', '$': '1974'}}}
{'attempts_id': UUID('9cb575a9-f39a-48a7-b624-a182d05aace4'), 'attempt_number': 1, 'attempt_stage': 'end', 'time': 804815.534706077, 'elapsed_time': 0.20205484493635595, 'result': <Success: <Response [404 Not Found]>>}
{'attempts_id': UUID('35e448e3-63cf-4ea1-a86f-c0ec01f01c82'), 'attempt_number': 1, 'attempt_stage': 'start', 'time': 804815.535324582, 'method': 'GET', 'url': URL('https://api.elsevier.com/content/abstract/scopus_id/0342831714?view=FULL')}
Failed! <Success: <Response [404 Not Found]>>
{'attempts_id': UUID('35e448e3-63cf-4ea1-a86f-c0ec01f01c82'), 'attempt_number': 1, 'attempt_stage': 'end', 'time': 804815.773840078, 'elapsed_time': 0.23851549602113664, 'result': <Success: <Response [404 Not Found]>>}
{'attempts_id': UUID('7ea67897-5260-491c-a4cd-d8be4582e874'), 'attempt_number': 1, 'attempt_stage': 'start', 'time': 804815.77453404, 'method': 'GET', 'url': URL('https://api.elsevier.com/content/abstract/scopus_id/0142190895?view=FULL')}
Failed! <Success: <Response [404 Not Found]>>
{'attempts_id': UUID('7ea67897-5260-491c-a4cd-d8be4582e874'), 'attempt_number': 1, 'attempt_stage': 'end', 'time': 804816.000282823, 'elapsed_time': 0.22574878297746181, 'result': <Success: <Response [404 Not Found]>>}
{'attempts_id': UUID('e3e3cd48-7823-45d4-9a4a-075dcbbadaab'), 'attempt_number': 1, 'attempt_stage': 'start', 'time': 804816.001391165, 'method': 'GET', 'url': URL('https://api.elsevier.com/content/abstract/scopus_id/0008254515?view=FULL')}
Failed! <Success: <Response [404 Not Found]>>
{'attempts_id': UUID('e3e3cd48-7823-45d4-9a4a-075dcbbadaab'), 'attempt_number': 1, 'attempt_stage': 'end', 'time': 804816.225402199, 'elapsed_time': 0.22401103400625288, 'result': <Success: <Response [404 Not Found]>>}
{'attempts_id': UUID('78e28f77-6919-4059-9c3c-4e84846162de'), 'attempt_number': 1, 'attempt_stage': 'start', 'time': 804816.226067307, 'method': 'GET', 'url': URL('https://api.elsevier.com/content/abstract/scopus_id/0000229676?view=FULL')}
Failed! <Success: <Response [404 Not Found]>>
{'attempts_id': UUID('78e28f77-6919-4059-9c3c-4e84846162de'), 'attempt_number': 1, 'attempt_stage': 'end', 'time': 804816.502750676, 'elapsed_time': 0.2766833689529449, 'result': <Success: <Response [200 OK]>>}
{'attempts_id': UUID('a82a3fae-614e-49af-b359-009d31f31246'), 'attempt_number': 1, 'attempt_stage': 'start', 'time': 804816.503357979, 'method': 'GET', 'url': URL('https://api.elsevier.com/content/abstract/scopus_id/32344435383?view=FULL')}
0000229676 {'codencode': 'JEBOA', 'sourcetitle-abbrev': 'J. Exp. Bot.', 'issn': {'$': '00220957', '@type': 'print'}, 'volisspag': {'voliss': {'@volume': '44', '@issue': '4'}, 'pagerange': {'@first': '701', '@last': '709'}}, '@type': 'j', 'publicationyear': {'@first': '1993'}, 'sourcetitle': 'Journal of Experimental Botany', '@srcid': '19210', 'publicationdate': {'month': '04', 'year': '1993', 'date-text': {'@xfab-added': 'true', '$': 'April 1993'}}}
{'attempts_id': UUID('907ad676-5c29-4847-8dd8-3322313280a1'), 'attempt_number': 2, 'attempt_stage': 'start', 'time': 804816.796073044, 'method': 'GET', 'url': URL('https://api.elsevier.com/content/abstract/scopus_id/0022967349?view=FULL')}
:funding-text": "This work was supported by gr{'attempts_id': UUID('c972342d-8f49-403b-9f82-cc17c546925f'), 'attempt_number': 2, 'attempt_stage': 'start', 'time': 804816.828042368, 'method': 'GET', 'url': URL('https://api.elsevier.com/content/abstract/scopus_id/0036981085?view=FULL')}
{'attempts_id': UUID('a82a3fae-614e-49af-b359-009d31f31246'), 'attempt_number': 1, 'attempt_stage': 'end', 'time': 804816.884634661, 'elapsed_time': 0.3812766820192337, 'result': <Success: <Response [200 OK]>>}
{'attempts_id': UUID('61e7f85c-e182-45e9-a4eb-f57daf287705'), 'attempt_number': 1, 'attempt_stage': 'start', 'time': 804816.885286194, 'method': 'GET', 'url': URL('https://api.elsevier.com/content/abstract/scopus_id/0030851358?view=FULL')}
32344435383 {'codencode': 'FTRPA', 'sourcetitle-abbrev': 'Fitoterapia', '@country': 'nld', 'issn': '0367326X', 'volisspag': {'voliss': {'@volume': '77', '@issue': '2'}, 'pagerange': {'@first': '67', '@last': '82'}}, '@type': 'j', 'publicationyear': {'@first': '2006'}, 'sourcetitle': 'Fitoterapia', '@srcid': '18077', 'publicationdate': {'month': '02', 'year': '2006', 'date-text': {'@xfab-added': 'true', '$': 'February 2006'}}}
{'attempts_id': UUID('ef46ebb8-c7e4-4498-b83e-41dec43821ad'), 'attempt_number': 2, 'attempt_stage': 'start', 'time': 804816.966215078, 'method': 'GET', 'url': URL('https://api.elsevier.com/content/abstract/scopus_id/75149113747?view=FULL')}
{'attempts_id': UUID('907ad676-5c29-4847-8dd8-3322313280a1'), 'attempt_number': 2, 'attempt_stage': 'end', 'time': 804817.059442708, 'elapsed_time': 0.2633696640841663, 'result': <Success: <Response [200 OK]>>}
{'attempts_id': UUID('cf39c415-36be-4afa-90e7-e3720f4b78a1'), 'attempt_number': 1, 'attempt_stage': 'start', 'time': 804817.060045432, 'method': 'GET', 'url': URL('https://api.elsevier.com/content/abstract/scopus_id/0041683074?view=FULL')}
0022967349 {'codencode': 'NEOLA', 'sourcetitle-abbrev': 'NEOPLASMA', '@country': 'csk', 'issn': {'$': '00282685', '@type': 'print'}, 'volisspag': {'voliss': {'@volume': '33', '@issue': '4'}, 'pagerange': {'@first': '409', '@last': '416'}}, '@type': 'j', 'publicationyear': {'@first': '1986'}, 'sourcetitle': 'Neoplasma', '@srcid': '12498', 'publicationdate': {'year': '1986', 'date-text': {'@xfab-added': 'true', '$': '1986'}}}
{'attempts_id': UUID('ef46ebb8-c7e4-4498-b83e-41dec43821ad'), 'attempt_number': 2, 'attempt_stage': 'end', 'time': 804817.186947354, 'elapsed_time': 0.22073227597866207, 'result': <Success: <Response [404 Not Found]>>}
{'attempts_id': UUID('635f3d16-8634-455e-9c14-cfc59879fa5b'), 'attempt_number': 1, 'attempt_stage': 'start', 'time': 804817.187567026, 'method': 'GET', 'url': URL('https://api.elsevier.com/content/abstract/scopus_id/51049097278?view=FULL')}
Failed! <Success: <Response [404 Not Found]>>
{'attempts_id': UUID('cf39c415-36be-4afa-90e7-e3720f4b78a1'), 'attempt_number': 1, 'attempt_stage': 'end', 'time': 804817.357016895, 'elapsed_time': 0.29697146301623434, 'result': <Success: <Response [200 OK]>>}
{'attempts_id': UUID('18a264c3-e142-4a4d-bc7b-12ca530abb7b'), 'attempt_number': 1, 'attempt_stage': 'start', 'time': 804817.35797704, 'method': 'GET', 'url': URL('https://api.elsevier.com/content/abstract/scopus_id/0001390371?view=FULL')}
0041683074 {'website': {'ce:e-address': {'$': 'www.wiley.com/cda/product/0,,2216,00.html', '@type': 'email'}}, 'translated-sourcetitle': {'$': 'Nahrung - Food', '@xml:lang': 'eng'}, 'volisspag': {'voliss': {'@volume': '44', '@issue': '5'}, 'pagerange': {'@first': '339', '@last': '343'}}, '@type': 'j', 'sourcetitle': 'Nahrung - Food', 'publicationdate': {'year': '2000', 'date-text': 'October 2000'}, 'codencode': 'NAHRA', 'sourcetitle-abbrev': 'Nahrung Food', '@country': 'deu', 'issn': {'$': '0027769X', '@type': 'print'}, 'publicationyear': {'@first': '2000'}, 'publisher': {'publishername': 'Wiley-VCH Verlag'}, '@srcid': '36984'}
{'attempts_id': UUID('61e7f85c-e182-45e9-a4eb-f57daf287705'), 'attempt_number': 1, 'attempt_stage': 'end', 'time': 804817.382423649, 'elapsed_time': 0.49713745492044836, 'result': <Success: <Response [200 OK]>>}
{'attempts_id': UUID('857a5d07-ef21-40b4-a3ad-ab72dc372264'), 'attempt_number': 1, 'attempt_stage': 'start', 'time': 804817.383406649, 'method': 'GET', 'url': URL('https://api.elsevier.com/content/abstract/scopus_id/29844438773?view=FULL')}
0030851358 {'codencode': 'FCRED', 'sourcetitle-abbrev': 'FIELD CROPS RES.', '@country': 'nld', 'issn': {'$': '03784290', '@type': 'print'}, 'volisspag': {'voliss': {'@volume': '53', '@issue': '1-3'}, 'pagerange': {'@first': '31', '@last': '45'}}, '@type': 'j', 'publicationyear': {'@first': '1997'}, 'sourcetitle': 'Field Crops Research', '@srcid': '78796', 'publicationdate': {'month': '07', 'year': '1997', 'date-text': {'@xfab-added': 'true', '$': 'July 1997'}}}
{'attempts_id': UUID('c972342d-8f49-403b-9f82-cc17c546925f'), 'attempt_number': 2, 'attempt_stage': 'end', 'time': 804817.428596247, 'elapsed_time': 0.60055387893226, 'result': <Success: <Response [200 OK]>>}
{'attempts_id': UUID('61b975d3-2db3-47a2-ade8-6f5179d6f756'), 'attempt_number': 1, 'attempt_stage': 'start', 'time': 804817.429381844, 'method': 'GET', 'url': URL('https://api.elsevier.com/content/abstract/scopus_id/0000861325?view=FULL')}
0036981085 {'website': {'ce:e-address': {'$': 'http://journals.cambridge.org/BJN', '@type': 'email'}}, 'translated-sourcetitle': {'$': 'British Journal of Nutrition', '@xml:lang': 'eng'}, 'volisspag': {'pages': 'S307-S319', 'voliss': {'@volume': '88', '@issue': 'SUPPL. 3'}}, '@type': 'j', 'sourcetitle': 'British Journal of Nutrition', 'publicationdate': {'month': '12', 'year': '2002', 'date-text': {'@xfab-added': 'true', '$': '1 December 2002'}, 'day': '01'}, 'codencode': 'BJNUA', 'sourcetitle-abbrev': 'Br. J. Nutr.', '@country': 'gbr', 'issn': {'$': '00071145', '@type': 'print'}, 'publicationyear': {'@first': '2002'}, 'publisher': {'publishername': 'CAB International'}, '@srcid': '30025'}
{'attempts_id': UUID('18a264c3-e142-4a4d-bc7b-12ca530abb7b'), 'attempt_number': 1, 'attempt_stage': 'end', 'time': 804817.604792388, 'elapsed_time': 0.24681534804403782, 'result': <Success: <Response [404 Not Found]>>}
{'attempts_id': UUID('8298fbd6-fb32-441f-b695-3bba2d4f22b1'), 'attempt_number': 1, 'attempt_stage': 'start', 'time': 804817.605343632, 'method': 'GET', 'url': URL('https://api.elsevier.com/content/abstract/scopus_id/0032760778?view=FULL')}
Failed! <Success: <Response [404 Not Found]>>
{'attempts_id': UUID('635f3d16-8634-455e-9c14-cfc59879fa5b'), 'attempt_number': 1, 'attempt_stage': 'end', 'time': 804817.623496262, 'elapsed_time': 0.4359292360022664, 'result': <Success: <Response [200 OK]>>}
{'attempts_id': UUID('031ce34f-cd8b-4f18-900a-58becabda5c0'), 'attempt_number': 1, 'attempt_stage': 'start', 'time': 804817.624168846, 'method': 'GET', 'url': URL('https://api.elsevier.com/content/abstract/scopus_id/0030161855?view=FULL')}
51049097278 {'codencode': 'JNBIE', 'sourcetitle-abbrev': 'J. Nutr. Biochem.', '@country': 'usa', 'issn': {'$': '09552863', '@type': 'print'}, 'volisspag': {'voliss': {'@volume': '19', '@issue': '10'}, 'pagerange': {'@first': '643', '@last': '654'}}, '@type': 'j', 'publicationyear': {'@first': '2008'}, 'sourcetitle': 'Journal of Nutritional Biochemistry', '@srcid': '12719', 'publicationdate': {'month': '10', 'year': '2008', 'date-text': {'@xfab-added': 'true', '$': 'October 2008'}}}
{'attempts_id': UUID('61b975d3-2db3-47a2-ade8-6f5179d6f756'), 'attempt_number': 1, 'attempt_stage': 'end', 'time': 804817.72022957, 'elapsed_time': 0.290847726049833, 'result': <Success: <Response [200 OK]>>}
{'attempts_id': UUID('e4ec4a68-12c1-4097-8a09-603971755d12'), 'attempt_number': 1, 'attempt_stage': 'start', 'time': 804817.720998543, 'method': 'GET', 'url': URL('https://api.elsevier.com/content/abstract/scopus_id/0028121297?view=FULL')}
0000861325 {'website': {'ce:e-address': {'$': 'http://pubs.acs.org/journal/jafcau', '@type': 'email'}}, 'translated-sourcetitle': {'$': 'Journal of Agricultural and Food Chemistry', '@xml:lang': 'eng'}, 'volisspag': {'voliss': {'@volume': '45', '@issue': '1'}, 'pagerange': {'@first': '127', '@last': '131'}}, '@type': 'j', 'sourcetitle': 'Journal of Agricultural and Food Chemistry', 'publicationdate': {'year': '1997', 'date-text': 'January 1997'}, 'codencode': 'JAFCA', 'sourcetitle-abbrev': 'J. Agric. Food Chem.', '@country': 'usa', 'issn': {'$': '00218561', '@type': 'print'}, 'publicationyear': {'@first': '1997'}, 'publisher': {'publishername': 'American Chemical Society'}, '@srcid': '33722'}
{'attempts_id': UUID('857a5d07-ef21-40b4-a3ad-ab72dc372264'), 'attempt_number': 1, 'attempt_stage': 'end', 'time': 804817.752964045, 'elapsed_time': 0.369557396043092, 'result': <Success: <Response [200 OK]>>}
{'attempts_id': UUID('4fb015c6-fe84-4109-a9d9-953f1cdddf60'), 'attempt_number': 1, 'attempt_stage': 'start', 'time': 804817.753764308, 'method': 'GET', 'url': URL('https://api.elsevier.com/content/abstract/scopus_id/32144434430?view=FULL')}
29844438773 {'codencode': 'HIHIE', 'sourcetitle-abbrev': 'Histol. Histopathol.', '@country': 'esp', 'issn': {'$': '02133911', '@type': 'print'}, 'volisspag': {'voliss': {'@volume': '21', '@issue': '1-3'}, 'pagerange': {'@first': '285', '@last': '299'}}, '@type': 'j', 'publicationyear': {'@first': '2006'}, 'sourcetitle': 'Histology and Histopathology', '@srcid': '18550', 'publicationdate': {'month': '01', 'year': '2006', 'date-text': {'@xfab-added': 'true', '$': 'January 2006'}}}
{'attempts_id': UUID('8298fbd6-fb32-441f-b695-3bba2d4f22b1'), 'attempt_number': 1, 'attempt_stage': 'end', 'time': 804817.878916154, 'elapsed_time': 0.27357252198271453, 'result': <Success: <Response [200 OK]>>}
{'attempts_id': UUID('53c2173c-5007-4ad0-b828-8cb474d25593'), 'attempt_number': 1, 'attempt_stage': 'start', 'time': 804817.879499743, 'method': 'GET', 'url': URL('https://api.elsevier.com/content/abstract/scopus_id/75149144078?view=FULL')}
0032760778 {'codencode': 'IMMUD', 'sourcetitle-abbrev': 'Immunopharmacology', '@country': 'nld', 'issn': {'$': '01623109', '@type': 'print'}, 'volisspag': {'voliss': {'@volume': '44', '@issue': '1-2'}, 'pagerange': {'@first': '123', '@last': '127'}}, '@type': 'j', 'publicationyear': {'@first': '1999'}, 'sourcetitle': 'Immunopharmacology', '@srcid': '68602', 'publicationdate': {'month': '10', 'year': '1999', 'date-text': {'@xfab-added': 'true', '$': '15 October 1999'}, 'day': '15'}}
{'attempts_id': UUID('031ce34f-cd8b-4f18-900a-58becabda5c0'), 'attempt_number': 1, 'attempt_stage': 'end', 'time': 804817.950002729, 'elapsed_time': 0.3258338829036802, 'result': <Success: <Response [200 OK]>>}
{'attempts_id': UUID('a1fd1402-b4b7-4a11-adc6-5482410342b8'), 'attempt_number': 1, 'attempt_stage': 'start', 'time': 804817.951127295, 'method': 'GET', 'url': URL('https://api.elsevier.com/content/abstract/scopus_id/75149115438?view=FULL')}
0030161855 {'website': {'ce:e-address': {'$': 'http://www.elsevier.com/wps/find/journaldescription.cws_home/601278/description#description', '@type': 'email'}}, 'translated-sourcetitle': {'$': 'Trends in Food Science and Technology', '@xml:lang': 'eng'}, 'volisspag': {'voliss': {'@volume': '7', '@issue': '6'}, 'pagerange': {'@first': '197', '@last': '204'}}, '@type': 'j', 'sourcetitle': 'Trends in Food Science and Technology', 'publicationdate': {'year': '1996', 'date-text': 'June 1996'}, 'codencode': 'TFTEE', 'sourcetitle-abbrev': 'TRENDS FOOD SCI. TECHNOL.', '@country': 'gbr', 'issn': {'$': '09242244', '@type': 'print'}, 'publicationyear': {'@first': '1996'}, 'publisher': {'publishername': 'Elsevier Ltd'}, '@srcid': '22475'}
{'attempts_id': UUID('53c2173c-5007-4ad0-b828-8cb474d25593'), 'attempt_number': 1, 'attempt_stage': 'end', 'time': 804817.966347371, 'elapsed_time': 0.08684762800112367, 'result': <Success: <Response [429 Too Many Requests]>>}
{'attempts_id': UUID('a1fd1402-b4b7-4a11-adc6-5482410342b8'), 'attempt_number': 1, 'attempt_stage': 'end', 'time': 804818.03290476, 'elapsed_time': 0.08177746494766325, 'result': <Success: <Response [429 Too Many Requests]>>}
{'attempts_id': UUID('e4ec4a68-12c1-4097-8a09-603971755d12'), 'attempt_number': 1, 'attempt_stage': 'end', 'time': 804818.041866824, 'elapsed_time': 0.32086828106548637, 'result': <Success: <Response [200 OK]>>}
{'attempts_id': UUID('8f5f1934-6a2c-4a9b-b679-ba86a32cc023'), 'attempt_number': 1, 'attempt_stage': 'start', 'time': 804818.042780278, 'method': 'GET', 'url': URL('https://api.elsevier.com/content/abstract/scopus_id/35449007166?view=FULL')}
0028121297 {'sourcetitle-abbrev': 'J. Sci. Food Agric.', 'issn': [{'$': '10970010', '@type': 'electronic'}, {'$': '00225142', '@type': 'print'}], 'volisspag': {'voliss': {'@volume': '64', '@issue': '1'}, 'pagerange': {'@first': '87', '@last': '93'}}, '@type': 'j', 'publicationyear': {'@first': '1994'}, 'sourcetitle': 'Journal of the Science of Food and Agriculture', '@srcid': '33928', 'publicationdate': {'year': '1994', 'date-text': 'January 1994'}}
{'attempts_id': UUID('4fb015c6-fe84-4109-a9d9-953f1cdddf60'), 'attempt_number': 1, 'attempt_stage': 'end', 'time': 804818.239916771, 'elapsed_time': 0.48615246289409697, 'result': <Success: <Response [200 OK]>>}
{'attempts_id': UUID('1632e180-bab5-48ad-a80e-df137cac056b'), 'attempt_number': 1, 'attempt_stage': 'start', 'time': 804818.240748952, 'method': 'GET', 'url': URL('https://api.elsevier.com/content/abstract/scopus_id/34147123803?view=FULL')}
32144434430 {'codencode': 'CRFND', 'sourcetitle-abbrev': 'Crit. Rev. Food Sci. Nutr.', '@country': 'usa', 'issn': {'$': '10408398', '@type': 'print'}, 'volisspag': {'voliss': {'@volume': '45', '@issue': '6'}, 'pagerange': {'@first': '425', '@last': '445'}}, '@type': 'j', 'publicationyear': {'@first': '2005'}, 'sourcetitle': 'Critical Reviews in Food Science and Nutrition', '@srcid': '21955', 'publicationdate': {'month': '09', 'year': '2005', 'date-text': {'@xfab-added': 'true', '$': 'September 2005'}}}
{'attempts_id': UUID('8f5f1934-6a2c-4a9b-b679-ba86a32cc023'), 'attempt_number': 1, 'attempt_stage': 'end', 'time': 804818.414599926, 'elapsed_time': 0.3718196479603648, 'result': <Success: <Response [200 OK]>>}
{'attempts_id': UUID('5a558f10-2526-48c5-a07e-8d35495290a7'), 'attempt_number': 1, 'attempt_stage': 'start', 'time': 804818.415409596, 'method': 'GET', 'url': URL('https://api.elsevier.com/content/abstract/scopus_id/0029958113?view=FULL')}
35449007166 {'codencode': 'FOCHD', 'sourcetitle-abbrev': 'Food Chem.', '@country': 'gbr', 'issn': {'$': '03088146', '@type': 'print'}, 'volisspag': {'voliss': {'@volume': '107', '@issue': '1'}, 'pagerange': {'@first': '68', '@last': '74'}}, '@type': 'j', 'publicationyear': {'@first': '2008'}, 'sourcetitle': 'Food Chemistry', '@srcid': '24039', 'publicationdate': {'month': '03', 'year': '2008', 'date-text': {'@xfab-added': 'true', '$': '1 March 2008'}, 'day': '01'}}
{'attempts_id': UUID('1632e180-bab5-48ad-a80e-df137cac056b'), 'attempt_number': 1, 'attempt_stage': 'end', 'time': 804818.57066256, 'elapsed_time': 0.3299136080313474, 'result': <Success: <Response [200 OK]>>}
{'attempts_id': UUID('93fceb89-f1b6-4794-8974-7d7ff484227e'), 'attempt_number': 1, 'attempt_stage': 'start', 'time': 804818.571474338, 'method': 'GET', 'url': URL('https://api.elsevier.com/content/abstract/scopus_id/43049107998?view=FULL')}
34147123803 {'codencode': 'CUOBE', 'sourcetitle-abbrev': 'Curr. Opin. Biotechnol.', '@country': 'gbr', 'issuetitle': 'Plant Biotechnology / Food Biotechnology', 'issn': {'$': '09581669', '@type': 'print'}, 'volisspag': {'voliss': {'@volume': '18', '@issue': '2'}, 'pagerange': {'@first': '163', '@last': '169'}}, '@type': 'j', 'publicationyear': {'@first': '2007'}, 'sourcetitle': 'Current Opinion in Biotechnology', '@srcid': '15579', 'publicationdate': {'month': '04', 'year': '2007', 'date-text': {'@xfab-added': 'true', '$': 'April 2007'}}}
{'attempts_id': UUID('5a558f10-2526-48c5-a07e-8d35495290a7'), 'attempt_number': 1, 'attempt_stage': 'end', 'time': 804818.716926017, 'elapsed_time': 0.3015164209064096, 'result': <Success: <Response [200 OK]>>}
{'attempts_id': UUID('d58423f8-d2c4-4f46-b18a-5aa4c13b7b97'), 'attempt_number': 1, 'attempt_stage': 'start', 'time': 804818.717854208, 'method': 'GET', 'url': URL('https://api.elsevier.com/content/abstract/scopus_id/0009580310?view=FULL')}
0029958113 {'website': {'ce:e-address': {'$': 'http://www.ajcn.org/contents-by-date.2005.shtml', '@type': 'email'}}, 'translated-sourcetitle': {'$': 'American Journal of Clinical Nutrition', '@xml:lang': 'eng'}, 'volisspag': {'voliss': {'@volume': '64', '@issue': '5'}, 'pagerange': {'@first': '767', '@last': '771'}}, '@type': 'j', 'sourcetitle': 'American Journal of Clinical Nutrition', 'publicationdate': {'year': '1996', 'date-text': 'November 1996'}, 'codencode': 'AJCNA', 'sourcetitle-abbrev': 'AM. J. CLIN. NUTR.', '@country': 'usa', 'issn': {'$': '00029165', '@type': 'print'}, 'publicationyear': {'@first': '1996'}, 'publisher': {'publishername': 'American Society for Nutrition'}, '@srcid': '29990'}
{'attempts_id': UUID('93fceb89-f1b6-4794-8974-7d7ff484227e'), 'attempt_number': 1, 'attempt_stage': 'end', 'time': 804818.955208311, 'elapsed_time': 0.38373397302348167, 'result': <Success: <Response [200 OK]>>}
{'attempts_id': UUID('8e542775-4e26-4bab-a0a5-c2d52c51591e'), 'attempt_number': 1, 'attempt_stage': 'start', 'time': 804818.955933938, 'method': 'GET', 'url': URL('https://api.elsevier.com/content/abstract/scopus_id/35348862011?view=FULL')}
43049107998 {'codencode': 'PEPTD', 'sourcetitle-abbrev': 'Peptides', '@country': 'usa', 'issn': {'$': '01969781', '@type': 'print'}, 'volisspag': {'voliss': {'@volume': '29', '@issue': '6'}, 'pagerange': {'@first': '1062', '@last': '1071'}}, '@type': 'j', 'publicationyear': {'@first': '2008'}, 'sourcetitle': 'Peptides', '@srcid': '14222', 'publicationdate': {'month': '06', 'year': '2008', 'date-text': {'@xfab-added': 'true', '$': 'June 2008'}}}
{'attempts_id': UUID('d58423f8-d2c4-4f46-b18a-5aa4c13b7b97'), 'attempt_number': 1, 'attempt_stage': 'end', 'time': 804818.96577991, 'elapsed_time': 0.24792570201680064, 'result': <Success: <Response [404 Not Found]>>}
{'attempts_id': UUID('ba28f15f-61c2-44d5-8d47-4fb6195aca41'), 'attempt_number': 1, 'attempt_stage': 'start', 'time': 804818.966588541, 'method': 'GET', 'url': URL('https://api.elsevier.com/content/abstract/scopus_id/75149141059?view=FULL')}
Failed! <Success: <Response [404 Not Found]>>
{'attempts_id': UUID('ba28f15f-61c2-44d5-8d47-4fb6195aca41'), 'attempt_number': 1, 'attempt_stage': 'end', 'time': 804819.17902793, 'elapsed_time': 0.21243938896805048, 'result': <Success: <Response [404 Not Found]>>}
{'attempts_id': UUID('21031e70-b68b-4c42-af46-7bf383c223b3'), 'attempt_number': 1, 'attempt_stage': 'start', 'time': 804819.179619486, 'method': 'GET', 'url': URL('https://api.elsevier.com/content/abstract/scopus_id/0036904545?view=FULL')}
Failed! <Success: <Response [404 Not Found]>>
{'attempts_id': UUID('21031e70-b68b-4c42-af46-7bf383c223b3'), 'attempt_number': 1, 'attempt_stage': 'end', 'time': 804819.521312409, 'elapsed_time': 0.34169292298611253, 'result': <Success: <Response [200 OK]>>}
{'attempts_id': UUID('c80b639d-0ba6-4273-9091-073240074f68'), 'attempt_number': 1, 'attempt_stage': 'start', 'time': 804819.522266927, 'method': 'GET', 'url': URL('https://api.elsevier.com/content/abstract/scopus_id/0027442756?view=FULL')}
0036904545 {'codencode': 'IJEPE', 'sourcetitle-abbrev': 'Int. J. Exp. Pathol.', '@country': 'gbr', 'issn': '09599673', 'volisspag': {'voliss': {'@volume': '83', '@issue': '4'}, 'pagerange': {'@first': '203', '@last': '208'}}, '@type': 'j', 'publicationyear': {'@first': '2002'}, 'sourcetitle': 'International Journal of Experimental Pathology', '@srcid': '14751', 'publicationdate': {'year': '2002', 'date-text': {'@xfab-added': 'true', '$': '2002'}}}
{'attempts_id': UUID('8e542775-4e26-4bab-a0a5-c2d52c51591e'), 'attempt_number': 1, 'attempt_stage': 'end', 'time': 804819.649093311, 'elapsed_time': 0.69315937301144, 'result': <Success: <Response [200 OK]>>}
{'attempts_id': UUID('e39afa7e-9c5e-4ec4-a57a-ec8efabed40d'), 'attempt_number': 1, 'attempt_stage': 'start', 'time': 804819.649825816, 'method': 'GET', 'url': URL('https://api.elsevier.com/content/abstract/scopus_id/0028809235?view=FULL')}
35348862011 {'codencode': 'JFDSA', 'sourcetitle-abbrev': 'J. Food. Sci.', '@country': 'usa', 'issn': {'$': '00221147', '@type': 'print'}, 'volisspag': {'pages': 'S605-S611', 'voliss': {'@volume': '72', '@issue': '8'}}, '@type': 'j', 'publicationyear': {'@first': '2007'}, 'sourcetitle': 'Journal of Food Science', '@srcid': '20614', 'publicationdate': {'month': '10', 'year': '2007', 'date-text': {'@xfab-added': 'true', '$': 'October 2007'}}}
{'attempts_id': UUID('c80b639d-0ba6-4273-9091-073240074f68'), 'attempt_number': 1, 'attempt_stage': 'end', 'time': 804819.784887941, 'elapsed_time': 0.26262101402971894, 'result': <Success: <Response [200 OK]>>}
{'attempts_id': UUID('e23d13c4-875c-4397-a60e-0e0c9b32376b'), 'attempt_number': 1, 'attempt_stage': 'start', 'time': 804819.785861279, 'method': 'GET', 'url': URL('https://api.elsevier.com/content/abstract/scopus_id/13844322374?view=FULL')}
0027442756 {'codencode': 'PVTMA', 'sourcetitle-abbrev': 'Prev. Med.', 'issn': {'$': '00917435', '@type': 'print'}, 'volisspag': {'voliss': {'@volume': '22', '@issue': '5'}, 'pagerange': {'@first': '796', '@last': '811'}}, '@type': 'j', 'publicationyear': {'@first': '1993'}, 'sourcetitle': 'Preventive Medicine', '@srcid': '17665', 'publicationdate': {'month': '09', 'year': '1993', 'date-text': {'@xfab-added': 'true', '$': 'September 1993'}}}
{'attempts_id': UUID('e39afa7e-9c5e-4ec4-a57a-ec8efabed40d'), 'attempt_number': 1, 'attempt_stage': 'end', 'time': 804819.951153106, 'elapsed_time': 0.3013272900134325, 'result': <Success: <Response [200 OK]>>}
{'attempts_id': UUID('a218c895-b277-4807-86bd-c4d58cdf97d2'), 'attempt_number': 1, 'attempt_stage': 'start', 'time': 804819.95178211, 'method': 'GET', 'url': URL('https://api.elsevier.com/content/abstract/scopus_id/0018873523?view=FULL')}
0028809235 {'codencode': 'JONUA', 'sourcetitle-abbrev': 'J. NUTR.', '@country': 'usa', 'issn': '00223166', 'volisspag': {'pages': '733S-743S', 'voliss': {'@volume': '125', '@issue': '3 SUPPL.'}}, '@type': 'j', 'publicationyear': {'@first': '1995'}, 'sourcetitle': 'Journal of Nutrition', '@srcid': '12716', 'publicationdate': {'year': '1995', 'date-text': {'@xfab-added': 'true', '$': '1995'}}}
{'attempts_id': UUID('53c2173c-5007-4ad0-b828-8cb474d25593'), 'attempt_number': 2, 'attempt_stage': 'start', 'time': 804819.968039818, 'method': 'GET', 'url': URL('https://api.elsevier.com/content/abstract/scopus_id/75149144078?view=FULL')}
{'attempts_id': UUID('a1fd1402-b4b7-4a11-adc6-5482410342b8'), 'attempt_number': 2, 'attempt_stage': 'start', 'time': 804820.035004915, 'method': 'GET', 'url': URL('https://api.elsevier.com/content/abstract/scopus_id/75149115438?view=FULL')}
{'attempts_id': UUID('e23d13c4-875c-4397-a60e-0e0c9b32376b'), 'attempt_number': 1, 'attempt_stage': 'end', 'time': 804820.071196065, 'elapsed_time': 0.28533478605095297, 'result': <Success: <Response [200 OK]>>}
{'attempts_id': UUID('060d0903-9c86-4eaa-bb79-5e19dd085149'), 'attempt_number': 1, 'attempt_stage': 'start', 'time': 804820.072067943, 'method': 'GET', 'url': URL('https://api.elsevier.com/content/abstract/scopus_id/75149120759?view=FULL')}
13844322374 {'codencode': 'PBCHE', 'sourcetitle-abbrev': 'Process Biochem.', '@country': 'gbr', 'issn': {'$': '13595113', '@type': 'print'}, 'volisspag': {'voliss': {'@volume': '40', '@issue': '6'}, 'pagerange': {'@first': '2191', '@last': '2196'}}, '@type': 'j', 'publicationyear': {'@first': '2005'}, 'sourcetitle': 'Process Biochemistry', '@srcid': '16134', 'publicationdate': {'month': '05', 'year': '2005', 'date-text': {'@xfab-added': 'true', '$': 'May 2005'}}}
{'attempts_id': UUID('a218c895-b277-4807-86bd-c4d58cdf97d2'), 'attempt_number': 1, 'attempt_stage': 'end', 'time': 804820.207138791, 'elapsed_time': 0.2553566809510812, 'result': <Success: <Response [200 OK]>>}
{'attempts_id': UUID('ef63f3cc-66ca-4b58-9b5c-6d4324c6bab0'), 'attempt_number': 1, 'attempt_stage': 'start', 'time': 804820.20813903, 'method': 'GET', 'url': URL('https://api.elsevier.com/content/abstract/scopus_id/3242774456?view=FULL')}
0018873523 {'sourcetitle-abbrev': 'Annu. Rev. Biochem.', '@country': 'usa', 'issn': {'$': '00664154', '@type': 'print'}, 'volisspag': {'voliss': {'@volume': '49'}, 'pagerange': {'@first': '593', '@last': '626'}}, '@type': 'j', 'publicationyear': {'@first': '1980'}, 'sourcetitle': 'Annual review of biochemistry', '@srcid': '16801', 'publicationdate': {'year': '1980', 'date-text': '1980'}}
{'attempts_id': UUID('53c2173c-5007-4ad0-b828-8cb474d25593'), 'attempt_number': 2, 'attempt_stage': 'end', 'time': 804820.2115836, 'elapsed_time': 0.24354378203861415, 'result': <Success: <Response [404 Not Found]>>}
{'attempts_id': UUID('33dd1879-5e89-4a9d-a7d1-aacbc1ebf2bc'), 'attempt_number': 1, 'attempt_stage': 'start', 'time': 804820.212657184, 'method': 'GET', 'url': URL('https://api.elsevier.com/content/abstract/scopus_id/33644930319?view=FULL')}
Failed! <Success: <Response [404 Not Found]>>
{'attempts_id': UUID('a1fd1402-b4b7-4a11-adc6-5482410342b8'), 'attempt_number': 2, 'attempt_stage': 'end', 'time': 804820.26451457, 'elapsed_time': 0.22950965503696352, 'result': <Success: <Response [404 Not Found]>>}
{'attempts_id': UUID('cdb3253b-1109-4aa9-8046-4e5d25b0756b'), 'attempt_number': 1, 'attempt_stage': 'start', 'time': 804820.265417127, 'method': 'GET', 'url': URL('https://api.elsevier.com/content/abstract/scopus_id/0003551413?view=FULL')}
Failed! <Success: <Response [404 Not Found]>>
{'attempts_id': UUID('060d0903-9c86-4eaa-bb79-5e19dd085149'), 'attempt_number': 1, 'attempt_stage': 'end', 'time': 804820.311232509, 'elapsed_time': 0.23916456592269242, 'result': <Success: <Response [404 Not Found]>>}
{'attempts_id': UUID('e89566e7-f69f-4ad3-bfa2-10caf9586ad8'), 'attempt_number': 1, 'attempt_stage': 'start', 'time': 804820.312074316, 'method': 'GET', 'url': URL('https://api.elsevier.com/content/abstract/scopus_id/0033014549?view=FULL')}
Failed! <Success: <Response [404 Not Found]>>
{'attempts_id': UUID('33dd1879-5e89-4a9d-a7d1-aacbc1ebf2bc'), 'attempt_number': 1, 'attempt_stage': 'end', 'time': 804820.458339512, 'elapsed_time': 0.2456823280081153, 'result': <Success: <Response [200 OK]>>}
{'attempts_id': UUID('ff2aafc4-ebe0-4377-bc2d-db97e7f93d44'), 'attempt_number': 1, 'attempt_stage': 'start', 'time': 804820.459140314, 'method': 'GET', 'url': URL('https://api.elsevier.com/content/abstract/scopus_id/0002773005?view=FULL')}
33644930319 {'sourcetitle-abbrev': 'Eur. Food Res. Technol.', '@country': 'deu', 'issn': [{'$': '14382377', '@type': 'print'}, {'$': '14382385', '@type': 'electronic'}], 'volisspag': {'voliss': {'@volume': '222', '@issue': '5-6'}, 'pagerange': {'@first': '733', '@last': '736'}}, '@type': 'j', 'publicationyear': {'@first': '2006'}, 'sourcetitle': 'European Food Research and Technology', '@srcid': '23068', 'publicationdate': {'month': '03', 'year': '2006', 'date-text': {'@xfab-added': 'true', '$': 'March 2006'}}}
{'attempts_id': UUID('cdb3253b-1109-4aa9-8046-4e5d25b0756b'), 'attempt_number': 1, 'attempt_stage': 'end', 'time': 804820.493543639, 'elapsed_time': 0.22812651190906763, 'result': <Success: <Response [404 Not Found]>>}
{'attempts_id': UUID('f81f60ac-8e91-4606-9cd6-fd8064a0686c'), 'attempt_number': 1, 'attempt_stage': 'start', 'time': 804820.494335405, 'method': 'GET', 'url': URL('https://api.elsevier.com/content/abstract/scopus_id/3543100683?view=FULL')}
Failed! <Success: <Response [404 Not Found]>>
{'attempts_id': UUID('ef63f3cc-66ca-4b58-9b5c-6d4324c6bab0'), 'attempt_number': 1, 'attempt_stage': 'end', 'time': 804820.667209142, 'elapsed_time': 0.4590701119741425, 'result': <Success: <Response [200 OK]>>}
{'attempts_id': UUID('4098dd85-5384-463c-9d47-cbf624dad095'), 'attempt_number': 1, 'attempt_stage': 'start', 'time': 804820.667797762, 'method': 'GET', 'url': URL('https://api.elsevier.com/content/abstract/scopus_id/33746531279?view=FULL')}
3242774456 {'website': {'ce:e-address': {'$': 'www.elsevier.com/locate/nutres', '@type': 'email'}}, 'translated-sourcetitle': {'$': 'Nutrition Research', '@xml:lang': 'eng'}, 'volisspag': {'voliss': {'@volume': '24', '@issue': '7'}, 'pagerange': {'@first': '469', '@last': '486'}}, '@type': 'j', 'sourcetitle': 'Nutrition Research', 'publicationdate': {'year': '2004', 'date-text': 'July 2004'}, 'codencode': 'NTRSD', 'sourcetitle-abbrev': 'Nutr. Res.', '@country': 'usa', 'issn': {'$': '02715317', '@type': 'print'}, 'publicationyear': {'@first': '2004'}, 'publisher': {'publishername': 'Elsevier Inc.'}, '@srcid': '13343'}
{'attempts_id': UUID('e89566e7-f69f-4ad3-bfa2-10caf9586ad8'), 'attempt_number': 1, 'attempt_stage': 'end', 'time': 804820.682509586, 'elapsed_time': 0.3704352700151503, 'result': <Success: <Response [200 OK]>>}
{'attempts_id': UUID('7d6726e1-1e75-4159-97f1-94d0a1963f5f'), 'attempt_number': 1, 'attempt_stage': 'start', 'time': 804820.683161336, 'method': 'GET', 'url': URL('https://api.elsevier.com/content/abstract/scopus_id/0343266523?view=FULL')}
0033014549 {'codencode': 'IMMUD', 'sourcetitle-abbrev': 'Immunopharmacology', '@country': 'nld', 'issn': {'$': '01623109', '@type': 'print'}, 'volisspag': {'voliss': {'@volume': '41', '@issue': '2'}, 'pagerange': {'@first': '147', '@last': '155'}}, '@type': 'j', 'publicationyear': {'@first': '1999'}, 'sourcetitle': 'Immunopharmacology', '@srcid': '68602', 'publicationdate': {'month': '02', 'year': '1999', 'date-text': {'@xfab-added': 'true', '$': 'February 1999'}}}
{'attempts_id': UUID('ff2aafc4-ebe0-4377-bc2d-db97e7f93d44'), 'attempt_number': 1, 'attempt_stage': 'end', 'time': 804820.701317845, 'elapsed_time': 0.242177531006746, 'result': <Success: <Response [404 Not Found]>>}
{'attempts_id': UUID('7ad159bb-f595-4f3f-920a-bacace57826c'), 'attempt_number': 1, 'attempt_stage': 'start', 'time': 804820.702242842, 'method': 'GET', 'url': URL('https://api.elsevier.com/content/abstract/scopus_id/0042732573?view=FULL')}
Failed! <Success: <Response [404 Not Found]>>
{'attempts_id': UUID('f81f60ac-8e91-4606-9cd6-fd8064a0686c'), 'attempt_number': 1, 'attempt_stage': 'end', 'time': 804820.756289236, 'elapsed_time': 0.2619538310682401, 'result': <Success: <Response [404 Not Found]>>}
{'attempts_id': UUID('3693a5fc-00ac-41fe-be00-96dfb38a285a'), 'attempt_number': 1, 'attempt_stage': 'start', 'time': 804820.757151689, 'method': 'GET', 'url': URL('https://api.elsevier.com/content/abstract/scopus_id/34548162029?view=FULL')}
Failed! <Success: <Response [404 Not Found]>>
{'attempts_id': UUID('7d6726e1-1e75-4159-97f1-94d0a1963f5f'), 'attempt_number': 1, 'attempt_stage': 'end', 'time': 804820.762916844, 'elapsed_time': 0.07975550799164921, 'result': <Success: <Response [429 Too Many Requests]>>}
{'attempts_id': UUID('4098dd85-5384-463c-9d47-cbf624dad095'), 'attempt_number': 1, 'attempt_stage': 'end', 'time': 804820.765169217, 'elapsed_time': 0.09737145504914224, 'result': <Success: <Response [429 Too Many Requests]>>}
{'attempts_id': UUID('7ad159bb-f595-4f3f-920a-bacace57826c'), 'attempt_number': 1, 'attempt_stage': 'end', 'time': 804820.783164057, 'elapsed_time': 0.08092121500521898, 'result': <Success: <Response [429 Too Many Requests]>>}
{'attempts_id': UUID('3693a5fc-00ac-41fe-be00-96dfb38a285a'), 'attempt_number': 1, 'attempt_stage': 'end', 'time': 804820.866736606, 'elapsed_time': 0.10958491696510464, 'result': <Success: <Response [429 Too Many Requests]>>}
{'attempts_id': UUID('7d6726e1-1e75-4159-97f1-94d0a1963f5f'), 'attempt_number': 2, 'attempt_stage': 'start', 'time': 804822.764048151, 'method': 'GET', 'url': URL('https://api.elsevier.com/content/abstract/scopus_id/0343266523?view=FULL')}
{'attempts_id': UUID('4098dd85-5384-463c-9d47-cbf624dad095'), 'attempt_number': 2, 'attempt_stage': 'start', 'time': 804822.766149688, 'method': 'GET', 'url': URL('https://api.elsevier.com/content/abstract/scopus_id/33746531279?view=FULL')}
{'attempts_id': UUID('7ad159bb-f595-4f3f-920a-bacace57826c'), 'attempt_number': 2, 'attempt_stage': 'start', 'time': 804822.784036593, 'method': 'GET', 'url': URL('https://api.elsevier.com/content/abstract/scopus_id/0042732573?view=FULL')}
{'attempts_id': UUID('3693a5fc-00ac-41fe-be00-96dfb38a285a'), 'attempt_number': 2, 'attempt_stage': 'start', 'time': 804822.868039573, 'method': 'GET', 'url': URL('https://api.elsevier.com/content/abstract/scopus_id/34548162029?view=FULL')}
{'attempts_id': UUID('7d6726e1-1e75-4159-97f1-94d0a1963f5f'), 'attempt_number': 2, 'attempt_stage': 'end', 'time': 804823.019181257, 'elapsed_time': 0.2551331060240045, 'result': <Success: <Response [404 Not Found]>>}
{'attempts_id': UUID('b1927c52-fc89-4432-8253-2b329cd55457'), 'attempt_number': 1, 'attempt_stage': 'start', 'time': 804823.020282255, 'method': 'GET', 'url': URL('https://api.elsevier.com/content/abstract/scopus_id/85122905075?view=FULL')}
Failed! <Success: <Response [404 Not Found]>>
{'attempts_id': UUID('7ad159bb-f595-4f3f-920a-bacace57826c'), 'attempt_number': 2, 'attempt_stage': 'end', 'time': 804823.090749973, 'elapsed_time': 0.30671337991952896, 'result': <Success: <Response [200 OK]>>}
{'attempts_id': UUID('9aaa8fb4-8d7f-4b4b-94f9-d467217717d5'), 'attempt_number': 1, 'attempt_stage': 'start', 'time': 804823.091443445, 'method': 'GET', 'url': URL('https://api.elsevier.com/content/abstract/scopus_id/34547323478?view=FULL')}
0042732573 {'codencode': 'JFCAE', 'sourcetitle-abbrev': 'J. Food Compos. Anal.', '@country': 'usa', 'issn': '08891575', 'volisspag': {'voliss': {'@volume': '12', '@issue': '3'}, 'pagerange': {'@first': '211', '@last': '217'}}, '@type': 'j', 'publicationyear': {'@first': '1999'}, 'sourcetitle': 'Journal of Food Composition and Analysis', '@srcid': '20582', 'publicationdate': {'month': '09', 'year': '1999', 'date-text': {'@xfab-added': 'true', '$': 'September 1999'}}}
{'attempts_id': UUID('3693a5fc-00ac-41fe-be00-96dfb38a285a'), 'attempt_number': 2, 'attempt_stage': 'end', 'time': 804823.098074901, 'elapsed_time': 0.23003532807342708, 'result': <Success: <Response [404 Not Found]>>}
{'attempts_id': UUID('c3e38463-28f5-4ad9-ab94-6de0363f31f6'), 'attempt_number': 1, 'attempt_stage': 'start', 'time': 804823.098767505, 'method': 'GET', 'url': URL('https://api.elsevier.com/content/abstract/scopus_id/0032839807?view=FULL')}
Failed! <Success: <Response [404 Not Found]>>
{'attempts_id': UUID('4098dd85-5384-463c-9d47-cbf624dad095'), 'attempt_number': 2, 'attempt_stage': 'end', 'time': 804823.101393785, 'elapsed_time': 0.3352440969320014, 'result': <Success: <Response [200 OK]>>}
{'attempts_id': UUID('5a19c9c6-9fdb-41b8-8135-bf4eb74b238c'), 'attempt_number': 1, 'attempt_stage': 'start', 'time': 804823.102066641, 'method': 'GET', 'url': URL('https://api.elsevier.com/content/abstract/scopus_id/0027426080?view=FULL')}
33746531279 {'codencode': 'JAFCA', 'sourcetitle-abbrev': 'J. Agric. Food Chem.', '@country': 'usa', 'issn': {'$': '00218561', '@type': 'print'}, 'volisspag': {'voliss': {'@volume': '54', '@issue': '13'}, 'pagerange': {'@first': '4568', '@last': '4573'}}, '@type': 'j', 'publicationyear': {'@first': '2006'}, 'sourcetitle': 'Journal of Agricultural and Food Chemistry', '@srcid': '33722', 'publicationdate': {'month': '06', 'year': '2006', 'date-text': {'@xfab-added': 'true', '$': '28 June 2006'}, 'day': '28'}}
{'attempts_id': UUID('5a19c9c6-9fdb-41b8-8135-bf4eb74b238c'), 'attempt_number': 1, 'attempt_stage': 'end', 'time': 804823.460866558, 'elapsed_time': 0.3587999170413241, 'result': <Success: <Response [200 OK]>>}
{'attempts_id': UUID('813f985b-bc8b-43c2-8d31-a06d8680ebc7'), 'attempt_number': 1, 'attempt_stage': 'start', 'time': 804823.461363919, 'method': 'GET', 'url': URL('https://api.elsevier.com/content/abstract/scopus_id/0004918111?view=FULL')}
0027426080 {'codencode': 'FRARE', 'sourcetitle-abbrev': 'Free Radic. Res.', 'issn': {'$': '10715762', '@type': 'print'}, 'volisspag': {'voliss': {'@volume': '19', '@issue': '3'}, 'pagerange': {'@first': '173', '@last': '181'}}, '@type': 'j', 'publicationyear': {'@first': '1993'}, 'publisher': {'publishername': 'Informa Healthcare'}, 'sourcetitle': 'Free Radical Research', '@srcid': '17489', 'publicationdate': {'year': '1993', 'date-text': {'@xfab-added': 'true', '$': '1993'}}}
{'attempts_id': UUID('9aaa8fb4-8d7f-4b4b-94f9-d467217717d5'), 'attempt_number': 1, 'attempt_stage': 'end', 'time': 804823.492040739, 'elapsed_time': 0.400597294094041, 'result': <Success: <Response [200 OK]>>}
{'attempts_id': UUID('06c4ac35-64cd-4861-a093-a674fdb4d8b0'), 'attempt_number': 1, 'attempt_stage': 'start', 'time': 804823.492631284, 'method': 'GET', 'url': URL('https://api.elsevier.com/content/abstract/scopus_id/33745197770?view=FULL')}
34547323478 {'sourcetitle-abbrev': 'Anim. Sci. J.', '@country': 'aus', 'issn': [{'$': '13443941', '@type': 'print'}, {'$': '17400929', '@type': 'electronic'}], 'volisspag': {'voliss': {'@volume': '78', '@issue': '4'}, 'pagerange': {'@first': '342', '@last': '350'}}, '@type': 'j', 'publicationyear': {'@first': '2007'}, 'sourcetitle': 'Animal Science Journal', '@srcid': '54288', 'publicationdate': {'month': '08', 'year': '2007', 'date-text': {'@xfab-added': 'true', '$': 'August 2007'}}}
{'attempts_id': UUID('c3e38463-28f5-4ad9-ab94-6de0363f31f6'), 'attempt_number': 1, 'attempt_stage': 'end', 'time': 804823.586953158, 'elapsed_time': 0.48818565299734473, 'result': <Success: <Response [200 OK]>>}
{'attempts_id': UUID('f4d233ba-6f68-4013-ad2a-7df88ce9aac7'), 'attempt_number': 1, 'attempt_stage': 'start', 'time': 804823.587875871, 'method': 'GET', 'url': URL('https://api.elsevier.com/content/abstract/scopus_id/0028016014?view=FULL')}
0032839807 {'website': {'ce:e-address': {'$': 'http://www.ajcn.org/contents-by-date.2005.shtml', '@type': 'email'}}, 'translated-sourcetitle': {'$': 'American Journal of Clinical Nutrition', '@xml:lang': 'eng'}, 'volisspag': {'pages': '439S-450S', 'voliss': {'@volume': '70', '@issue': '3 SUPPL.'}}, '@type': 'j', 'sourcetitle': 'American Journal of Clinical Nutrition', 'publicationdate': {'year': '1999', 'date-text': 'September 1999'}, 'codencode': 'AJCNA', 'sourcetitle-abbrev': 'Am. J. Clin. Nutr.', '@country': 'usa', 'issn': {'$': '00029165', '@type': 'print'}, 'publicationyear': {'@first': '1999'}, 'publisher': {'publishername': 'American Society for Nutrition'}, '@srcid': '29990'}
{'attempts_id': UUID('b1927c52-fc89-4432-8253-2b329cd55457'), 'attempt_number': 1, 'attempt_stage': 'end', 'time': 804823.604960096, 'elapsed_time': 0.5846778409322724, 'result': <Success: <Response [200 OK]>>}
{'attempts_id': UUID('7448387c-bed2-4c9c-bb20-217e32636c6c'), 'attempt_number': 1, 'attempt_stage': 'start', 'time': 804823.605904132, 'method': 'GET', 'url': URL('https://api.elsevier.com/content/abstract/scopus_id/0019252614?view=FULL')}
85122905075 {'sourcetitle-abbrev': 'Nutraceutical Proteins and Pept. in Health and Dis.', 'website': {'ce:e-address': {'$': 'https://www.routledge.com/Nutraceutical-Proteins-and-Peptides-in-Health-and-Disease/Mine-Shahidi/p/book/9780824753542', '@type': 'email'}}, '@country': 'usa', 'translated-sourcetitle': {'@xml:lang': 'eng'}, 'volisspag': {'pagerange': {'@first': '269', '@last': '315'}}, '@type': 'b', 'publicationyear': {'@first': '2005'}, 'isbn': [{'@level': 'volume', '$': '9781420028836', '@type': 'electronic', '@length': '13'}, {'@level': 'volume', '$': '9780824753542', '@type': 'print', '@length': '13'}], 'publisher': {'publishername': 'CRC Press'}, 'sourcetitle': 'Nutraceutical Proteins and Peptides in Health and Disease', '@srcid': '21101072216', 'publicationdate': {'month': '09', 'year': '2005', 'date-text': {'@xfab-added': 'true', '$': '29 September 2005'}, 'day': '29'}}
{'attempts_id': UUID('813f985b-bc8b-43c2-8d31-a06d8680ebc7'), 'attempt_number': 1, 'attempt_stage': 'end', 'time': 804823.675253146, 'elapsed_time': 0.21388922701589763, 'result': <Success: <Response [404 Not Found]>>}
{'attempts_id': UUID('41d1f2ca-5693-4d03-9074-71ccc0026864'), 'attempt_number': 1, 'attempt_stage': 'start', 'time': 804823.676103948, 'method': 'GET', 'url': URL('https://api.elsevier.com/content/abstract/scopus_id/33646816054?view=FULL')}
Failed! <Success: <Response [404 Not Found]>>
{'attempts_id': UUID('06c4ac35-64cd-4861-a093-a674fdb4d8b0'), 'attempt_number': 1, 'attempt_stage': 'end', 'time': 804823.784513774, 'elapsed_time': 0.2918824899243191, 'result': <Success: <Response [200 OK]>>}
{'attempts_id': UUID('d82d2e52-419b-4b55-be61-f0b363857746'), 'attempt_number': 1, 'attempt_stage': 'start', 'time': 804823.785388798, 'method': 'GET', 'url': URL('https://api.elsevier.com/content/abstract/scopus_id/0003634702?view=FULL')}
33745197770 {'codencode': 'FOCHD', 'sourcetitle-abbrev': 'Food Chem.', '@country': 'gbr', 'issn': {'$': '03088146', '@type': 'print'}, 'volisspag': {'voliss': {'@volume': '100', '@issue': '1'}, 'pagerange': {'@first': '1', '@last': '7'}}, '@type': 'j', 'publicationyear': {'@first': '2007'}, 'sourcetitle': 'Food Chemistry', '@srcid': '24039', 'publicationdate': {'year': '2007', 'date-text': {'@xfab-added': 'true', '$': '2007'}}}
{'attempts_id': UUID('d82d2e52-419b-4b55-be61-f0b363857746'), 'attempt_number': 1, 'attempt_stage': 'end', 'time': 804823.873541393, 'elapsed_time': 0.08815259498078376, 'result': <Success: <Response [429 Too Many Requests]>>}
{'attempts_id': UUID('f4d233ba-6f68-4013-ad2a-7df88ce9aac7'), 'attempt_number': 1, 'attempt_stage': 'end', 'time': 804823.874307252, 'elapsed_time': 0.2864313810132444, 'result': <Success: <Response [200 OK]>>}
{'attempts_id': UUID('05c95002-b634-436f-af36-d32eb3ec2459'), 'attempt_number': 1, 'attempt_stage': 'start', 'time': 804823.875424829, 'method': 'GET', 'url': URL('https://api.elsevier.com/content/abstract/scopus_id/4243357029?view=FULL')}
0028016014 {'codencode': 'CALED', 'sourcetitle-abbrev': 'Cancer Lett.', 'issn': {'$': '03043835', '@type': 'print'}, 'volisspag': {'voliss': {'@volume': '85', '@issue': '2'}, 'pagerange': {'@first': '205', '@last': '210'}}, '@type': 'j', 'publicationyear': {'@first': '1994'}, 'sourcetitle': 'Cancer Letters', '@srcid': '29160', 'publicationdate': {'month': '10', 'year': '1994', 'date-text': {'@xfab-added': 'true', '$': '14 October 1994'}, 'day': '14'}}
{'attempts_id': UUID('7448387c-bed2-4c9c-bb20-217e32636c6c'), 'attempt_number': 1, 'attempt_stage': 'end', 'time': 804823.907869033, 'elapsed_time': 0.30196490103844553, 'result': <Success: <Response [200 OK]>>}
{'attempts_id': UUID('86da4ace-f731-404f-aac6-37b4abc4580c'), 'attempt_number': 1, 'attempt_stage': 'start', 'time': 804823.908571352, 'method': 'GET', 'url': URL('https://api.elsevier.com/content/abstract/scopus_id/0036302694?view=FULL')}
0019252614 {'codencode': 'AJCNA', 'sourcetitle-abbrev': 'AM. J. CLIN. NUTR.', '@country': 'usa', 'issn': {'$': '00029165', '@type': 'print'}, 'volisspag': {'voliss': {'@volume': '33', '@issue': '11'}, 'pagerange': {'@first': '2338', '@last': '2345'}}, '@type': 'j', 'publicationyear': {'@first': '1980'}, 'sourcetitle': 'American Journal of Clinical Nutrition', '@srcid': '29990', 'publicationdate': {'year': '1980', 'date-text': {'@xfab-added': 'true', '$': '1980'}}}
{'attempts_id': UUID('05c95002-b634-436f-af36-d32eb3ec2459'), 'attempt_number': 1, 'attempt_stage': 'end', 'time': 804823.957466866, 'elapsed_time': 0.08204203704372048, 'result': <Success: <Response [429 Too Many Requests]>>}
{'attempts_id': UUID('41d1f2ca-5693-4d03-9074-71ccc0026864'), 'attempt_number': 1, 'attempt_stage': 'end', 'time': 804823.963976977, 'elapsed_time': 0.2878730290103704, 'result': <Success: <Response [200 OK]>>}
{'attempts_id': UUID('aeabe7f3-4447-4630-b538-1fc36bf19fe1'), 'attempt_number': 1, 'attempt_stage': 'start', 'time': 804823.964999765, 'method': 'GET', 'url': URL('https://api.elsevier.com/content/abstract/scopus_id/0030130380?view=FULL')}
33646816054 {'codencode': 'BBBIE', 'sourcetitle-abbrev': 'Biosci. Biotechnol. Biochem.', 'website': {'ce:e-address': {'$': 'http://www.jstage.jst.go.jp/article/bbb/70/5/1118/_pdf', '@type': 'url'}}, '@country': 'jpn', 'issn': [{'$': '09168451', '@type': 'print'}, {'$': '13476947', '@type': 'electronic'}], 'volisspag': {'voliss': {'@volume': '70', '@issue': '5'}, 'pagerange': {'@first': '1118', '@last': '1126'}}, '@type': 'j', 'publicationyear': {'@first': '2006'}, 'sourcetitle': 'Bioscience, Biotechnology and Biochemistry', '@srcid': '15432', 'publicationdate': {'year': '2006', 'date-text': {'@xfab-added': 'true', '$': '2006'}}}
{'attempts_id': UUID('86da4ace-f731-404f-aac6-37b4abc4580c'), 'attempt_number': 1, 'attempt_stage': 'end', 'time': 804824.001353559, 'elapsed_time': 0.0927822069497779, 'result': <Success: <Response [429 Too Many Requests]>>}
{'attempts_id': UUID('aeabe7f3-4447-4630-b538-1fc36bf19fe1'), 'attempt_number': 1, 'attempt_stage': 'end', 'time': 804824.040554563, 'elapsed_time': 0.07555479800794274, 'result': <Success: <Response [429 Too Many Requests]>>}
{'attempts_id': UUID('d82d2e52-419b-4b55-be61-f0b363857746'), 'attempt_number': 2, 'attempt_stage': 'start', 'time': 804825.874876219, 'method': 'GET', 'url': URL('https://api.elsevier.com/content/abstract/scopus_id/0003634702?view=FULL')}
{'attempts_id': UUID('05c95002-b634-436f-af36-d32eb3ec2459'), 'attempt_number': 2, 'attempt_stage': 'start', 'time': 804825.959542412, 'method': 'GET', 'url': URL('https://api.elsevier.com/content/abstract/scopus_id/4243357029?view=FULL')}
{'attempts_id': UUID('86da4ace-f731-404f-aac6-37b4abc4580c'), 'attempt_number': 2, 'attempt_stage': 'start', 'time': 804826.003437451, 'method': 'GET', 'url': URL('https://api.elsevier.com/content/abstract/scopus_id/0036302694?view=FULL')}
{'attempts_id': UUID('aeabe7f3-4447-4630-b538-1fc36bf19fe1'), 'attempt_number': 2, 'attempt_stage': 'start', 'time': 804826.042666398, 'method': 'GET', 'url': URL('https://api.elsevier.com/content/abstract/scopus_id/0030130380?view=FULL')}
{'attempts_id': UUID('d82d2e52-419b-4b55-be61-f0b363857746'), 'attempt_number': 2, 'attempt_stage': 'end', 'time': 804826.075173349, 'elapsed_time': 0.20029713003896177, 'result': <Success: <Response [404 Not Found]>>}
{'attempts_id': UUID('8574a161-9a4c-4e56-9eaf-1996f48603cf'), 'attempt_number': 1, 'attempt_stage': 'start', 'time': 804826.075878111, 'method': 'GET', 'url': URL('https://api.elsevier.com/content/abstract/scopus_id/0034734223?view=FULL')}
Failed! <Success: <Response [404 Not Found]>>
{'attempts_id': UUID('05c95002-b634-436f-af36-d32eb3ec2459'), 'attempt_number': 2, 'attempt_stage': 'end', 'time': 804826.187750986, 'elapsed_time': 0.228208574000746, 'result': <Success: <Response [404 Not Found]>>}
{'attempts_id': UUID('a9cbdd81-be88-4ffd-9e30-527ba1e00a43'), 'attempt_number': 1, 'attempt_stage': 'start', 'time': 804826.188452832, 'method': 'GET', 'url': URL('https://api.elsevier.com/content/abstract/scopus_id/75149164504?view=FULL')}
Failed! <Success: <Response [404 Not Found]>>
{'attempts_id': UUID('86da4ace-f731-404f-aac6-37b4abc4580c'), 'attempt_number': 2, 'attempt_stage': 'end', 'time': 804826.296790143, 'elapsed_time': 0.29335269203875214, 'result': <Success: <Response [200 OK]>>}
{'attempts_id': UUID('a745c0cb-e2b8-47e8-8c42-b19d459af3a4'), 'attempt_number': 1, 'attempt_stage': 'start', 'time': 804826.297836001, 'method': 'GET', 'url': URL('https://api.elsevier.com/content/abstract/scopus_id/75149157713?view=FULL')}
0036302694 {'codencode': 'JSFAA', 'sourcetitle-abbrev': 'J. Sci. Food Agric.', '@country': 'gbr', 'issn': {'$': '00225142', '@type': 'print'}, 'volisspag': {'voliss': {'@volume': '82', '@issue': '9'}, 'pagerange': {'@first': '960', '@last': '965'}}, '@type': 'j', 'publicationyear': {'@first': '2002'}, 'sourcetitle': 'Journal of the Science of Food and Agriculture', '@srcid': '33928', 'publicationdate': {'year': '2002', 'date-text': {'@xfab-added': 'true', '$': '2002'}}}
{'attempts_id': UUID('aeabe7f3-4447-4630-b538-1fc36bf19fe1'), 'attempt_number': 2, 'attempt_stage': 'end', 'time': 804826.360241272, 'elapsed_time': 0.3175748740322888, 'result': <Success: <Response [200 OK]>>}
{'attempts_id': UUID('e645bed3-0848-45ba-b57e-f3b7a350ad85'), 'attempt_number': 1, 'attempt_stage': 'start', 'time': 804826.36099493, 'method': 'GET', 'url': URL('https://api.elsevier.com/content/abstract/scopus_id/75149118394?view=FULL')}
0030130380 {'website': {'ce:e-address': {'$': 'http://www.elsevier.com/wps/find/journaldescription.cws_home/601278/description#description', '@type': 'email'}}, 'translated-sourcetitle': {'$': 'Trends in Food Science and Technology', '@xml:lang': 'eng'}, 'volisspag': {'voliss': {'@volume': '7', '@issue': '4'}, 'pagerange': {'@first': '132', '@last': '138'}}, '@type': 'j', 'sourcetitle': 'Trends in Food Science and Technology', 'publicationdate': {'year': '1996', 'date-text': {'@xfab-added': 'true', '$': '1996'}}, 'codencode': 'TFTEE', 'sourcetitle-abbrev': 'Trends Food Sci. Technol.', '@country': 'gbr', 'issn': {'$': '09242244', '@type': 'print'}, 'publicationyear': {'@first': '1996'}, 'publisher': {'publishername': 'Elsevier Ltd'}, '@srcid': '22475'}
{'attempts_id': UUID('8574a161-9a4c-4e56-9eaf-1996f48603cf'), 'attempt_number': 1, 'attempt_stage': 'end', 'time': 804826.446543884, 'elapsed_time': 0.37066577305085957, 'result': <Success: <Response [200 OK]>>}
{'attempts_id': UUID('263a526c-1438-40b6-9c5e-c59866d9d7b7'), 'attempt_number': 1, 'attempt_stage': 'start', 'time': 804826.447452289, 'method': 'GET', 'url': URL('https://api.elsevier.com/content/abstract/scopus_id/0030486803?view=FULL')}
0034734223 {'codencode': 'AFSTD', 'sourcetitle-abbrev': 'Anim. Feed Sci. Technol.', '@country': 'nld', 'issn': {'$': '03778401', '@type': 'print'}, 'volisspag': {'voliss': {'@volume': '86', '@issue': '3-4'}, 'pagerange': {'@first': '261', '@last': '265'}}, '@type': 'j', 'publicationyear': {'@first': '2000'}, 'sourcetitle': 'Animal Feed Science and Technology', '@srcid': '62303', 'publicationdate': {'month': '08', 'year': '2000', 'date-text': {'@xfab-added': 'true', '$': '30 August 2000'}, 'day': '30'}}
{'attempts_id': UUID('a9cbdd81-be88-4ffd-9e30-527ba1e00a43'), 'attempt_number': 1, 'attempt_stage': 'end', 'time': 804826.473685441, 'elapsed_time': 0.2852326089050621, 'result': <Success: <Response [404 Not Found]>>}
{'attempts_id': UUID('8bfde5f6-8af3-4bad-8198-0cb8252b8df8'), 'attempt_number': 1, 'attempt_stage': 'start', 'time': 804826.474331723, 'method': 'GET', 'url': URL('https://api.elsevier.com/content/abstract/scopus_id/0031941559?view=FULL')}
Failed! <Success: <Response [404 Not Found]>>
{'attempts_id': UUID('a745c0cb-e2b8-47e8-8c42-b19d459af3a4'), 'attempt_number': 1, 'attempt_stage': 'end', 'time': 804826.587018085, 'elapsed_time': 0.2891820839140564, 'result': <Success: <Response [404 Not Found]>>}
{'attempts_id': UUID('5a2d55f2-cc29-45e9-a911-c54eeb6ec14b'), 'attempt_number': 1, 'attempt_stage': 'start', 'time': 804826.587598661, 'method': 'GET', 'url': URL('https://api.elsevier.com/content/abstract/scopus_id/33747399034?view=FULL')}
Failed! <Success: <Response [404 Not Found]>>
{'attempts_id': UUID('e645bed3-0848-45ba-b57e-f3b7a350ad85'), 'attempt_number': 1, 'attempt_stage': 'end', 'time': 804826.5887446, 'elapsed_time': 0.2277496699243784, 'result': <Success: <Response [404 Not Found]>>}
{'attempts_id': UUID('662870c1-d703-4880-9588-009ec0fdefdc'), 'attempt_number': 1, 'attempt_stage': 'start', 'time': 804826.589481664, 'method': 'GET', 'url': URL('https://api.elsevier.com/content/abstract/scopus_id/0000180578?view=FULL')}
Failed! <Success: <Response [404 Not Found]>>
{'attempts_id': UUID('5a2d55f2-cc29-45e9-a911-c54eeb6ec14b'), 'attempt_number': 1, 'attempt_stage': 'end', 'time': 804826.662204669, 'elapsed_time': 0.07460600801277906, 'result': <Success: <Response [429 Too Many Requests]>>}
{'attempts_id': UUID('662870c1-d703-4880-9588-009ec0fdefdc'), 'attempt_number': 1, 'attempt_stage': 'end', 'time': 804826.677424196, 'elapsed_time': 0.08794253203086555, 'result': <Success: <Response [429 Too Many Requests]>>}
{'attempts_id': UUID('263a526c-1438-40b6-9c5e-c59866d9d7b7'), 'attempt_number': 1, 'attempt_stage': 'end', 'time': 804826.763311135, 'elapsed_time': 0.31585884594824165, 'result': <Success: <Response [200 OK]>>}
{'attempts_id': UUID('94c911d4-1c11-4f7c-9227-6c028d9c3f85'), 'attempt_number': 1, 'attempt_stage': 'start', 'time': 804826.764275701, 'method': 'GET', 'url': URL('https://api.elsevier.com/content/abstract/scopus_id/33748065305?view=FULL')}
0030486803 {'sourcetitle-abbrev': 'Trends Glycosci. Glycotechnol.', 'website': {'ce:e-address': {'$': 'https://www.jstage.jst.go.jp/browse/tigg', '@type': 'email'}}, '@country': 'jpn', 'translated-sourcetitle': {'$': 'Trends in Glycoscience and Glycotechnology', '@xml:lang': 'eng'}, 'issn': {'$': '09157352', '@type': 'print'}, 'volisspag': {'voliss': {'@volume': '8', '@issue': '41'}, 'pagerange': {'@first': '149', '@last': '165'}}, '@type': 'j', 'publicationyear': {'@first': '1996'}, 'publisher': {'publishername': 'Gakushin Publishing Company'}, 'sourcetitle': 'Trends in Glycoscience and Glycotechnology', '@srcid': '26528', 'publicationdate': {'year': '1996', 'date-text': {'@xfab-added': 'true', '$': '1996'}}}
{'attempts_id': UUID('8bfde5f6-8af3-4bad-8198-0cb8252b8df8'), 'attempt_number': 1, 'attempt_stage': 'end', 'time': 804826.789232133, 'elapsed_time': 0.31490041001234204, 'result': <Success: <Response [200 OK]>>}
{'attempts_id': UUID('61e8b454-571b-41d6-a0d2-02647d2f71f1'), 'attempt_number': 1, 'attempt_stage': 'start', 'time': 804826.789914925, 'method': 'GET', 'url': URL('https://api.elsevier.com/content/abstract/scopus_id/32144434430?view=FULL')}
0031941559 {'codencode': 'BJNUA', 'sourcetitle-abbrev': 'Br. J. Nutr.', '@country': 'gbr', 'issn': {'$': '00071145', '@type': 'print'}, 'volisspag': {'voliss': {'@volume': '79', '@issue': '2'}, 'pagerange': {'@first': '213', '@last': '221'}}, '@type': 'j', 'publicationyear': {'@first': '1998'}, 'sourcetitle': 'British Journal of Nutrition', '@srcid': '30025', 'publicationdate': {'month': '02', 'year': '1998', 'date-text': {'@xfab-added': 'true', '$': 'February 1998'}}}
{'attempts_id': UUID('94c911d4-1c11-4f7c-9227-6c028d9c3f85'), 'attempt_number': 1, 'attempt_stage': 'end', 'time': 804826.839492169, 'elapsed_time': 0.07521646795794368, 'result': <Success: <Response [429 Too Many Requests]>>}
{'attempts_id': UUID('61e8b454-571b-41d6-a0d2-02647d2f71f1'), 'attempt_number': 1, 'attempt_stage': 'end', 'time': 804826.871057568, 'elapsed_time': 0.08114264300093055, 'result': <Success: <Response [429 Too Many Requests]>>}
{'attempts_id': UUID('5a2d55f2-cc29-45e9-a911-c54eeb6ec14b'), 'attempt_number': 2, 'attempt_stage': 'start', 'time': 804828.664093579, 'method': 'GET', 'url': URL('https://api.elsevier.com/content/abstract/scopus_id/33747399034?view=FULL')}
{'attempts_id': UUID('662870c1-d703-4880-9588-009ec0fdefdc'), 'attempt_number': 2, 'attempt_stage': 'start', 'time': 804828.679524288, 'method': 'GET', 'url': URL('https://api.elsevier.com/content/abstract/scopus_id/0000180578?view=FULL')}
{'attempts_id': UUID('94c911d4-1c11-4f7c-9227-6c028d9c3f85'), 'attempt_number': 2, 'attempt_stage': 'start', 'time': 804828.840084794, 'method': 'GET', 'url': URL('https://api.elsevier.com/content/abstract/scopus_id/33748065305?view=FULL')}
{'attempts_id': UUID('61e8b454-571b-41d6-a0d2-02647d2f71f1'), 'attempt_number': 2, 'attempt_stage': 'start', 'time': 804828.872030677, 'method': 'GET', 'url': URL('https://api.elsevier.com/content/abstract/scopus_id/32144434430?view=FULL')}
{'attempts_id': UUID('662870c1-d703-4880-9588-009ec0fdefdc'), 'attempt_number': 2, 'attempt_stage': 'end', 'time': 804828.898955543, 'elapsed_time': 0.2194312548963353, 'result': <Success: <Response [404 Not Found]>>}
{'attempts_id': UUID('8d8c6236-8e84-45dc-acb1-3af8272f39a7'), 'attempt_number': 1, 'attempt_stage': 'start', 'time': 804828.899476101, 'method': 'GET', 'url': URL('https://api.elsevier.com/content/abstract/scopus_id/75149117921?view=FULL')}
Failed! <Success: <Response [404 Not Found]>>
{'attempts_id': UUID('5a2d55f2-cc29-45e9-a911-c54eeb6ec14b'), 'attempt_number': 2, 'attempt_stage': 'end', 'time': 804828.984439893, 'elapsed_time': 0.32034631399437785, 'result': <Success: <Response [200 OK]>>}
{'attempts_id': UUID('d7bb9c79-9cf0-4609-b823-0aff4f6b991d'), 'attempt_number': 1, 'attempt_stage': 'start', 'time': 804828.985153344, 'method': 'GET', 'url': URL('https://api.elsevier.com/content/abstract/scopus_id/75149145191?view=FULL')}
33747399034 {'sourcetitle-abbrev': 'FEBS J.', '@country': 'gbr', 'issn': [{'$': '1742464X', '@type': 'print'}, {'$': '17424658', '@type': 'electronic'}], 'volisspag': {'voliss': {'@volume': '273', '@issue': '17'}, 'pagerange': {'@first': '4024', '@last': '4039'}}, '@type': 'j', 'publicationyear': {'@first': '2006'}, 'sourcetitle': 'FEBS Journal', '@srcid': '38597', 'publicationdate': {'month': '09', 'year': '2006', 'date-text': {'@xfab-added': 'true', '$': 'September 2006'}}}
{'attempts_id': UUID('8d8c6236-8e84-45dc-acb1-3af8272f39a7'), 'attempt_number': 1, 'attempt_stage': 'end', 'time': 804829.135824771, 'elapsed_time': 0.23634866997599602, 'result': <Success: <Response [404 Not Found]>>}
{'attempts_id': UUID('1f4a49e6-38f1-4447-84fe-a2fdc6cc38d2'), 'attempt_number': 1, 'attempt_stage': 'start', 'time': 804829.136790656, 'method': 'GET', 'url': URL('https://api.elsevier.com/content/abstract/scopus_id/75149187080?view=FULL')}
Failed! <Success: <Response [404 Not Found]>>
{'attempts_id': UUID('94c911d4-1c11-4f7c-9227-6c028d9c3f85'), 'attempt_number': 2, 'attempt_stage': 'end', 'time': 804829.211965342, 'elapsed_time': 0.3718805480748415, 'result': <Success: <Response [200 OK]>>}
{'attempts_id': UUID('b748e585-8a0d-4ba6-8b37-c6c995004861'), 'attempt_number': 1, 'attempt_stage': 'start', 'time': 804829.212931209, 'method': 'GET', 'url': URL('https://api.elsevier.com/content/abstract/scopus_id/7244258916?view=FULL')}
33748065305 {'codencode': 'PYTCA', 'sourcetitle-abbrev': 'Phytochemistry', '@country': 'gbr', 'issn': {'$': '00319422', '@type': 'print'}, 'volisspag': {'voliss': {'@volume': '67', '@issue': '18'}, 'pagerange': {'@first': '2078', '@last': '2084'}}, '@type': 'j', 'publicationyear': {'@first': '2006'}, 'sourcetitle': 'Phytochemistry', '@srcid': '16534', 'publicationdate': {'month': '09', 'year': '2006', 'date-text': {'@xfab-added': 'true', '$': 'September 2006'}}}
{'attempts_id': UUID('d7bb9c79-9cf0-4609-b823-0aff4f6b991d'), 'attempt_number': 1, 'attempt_stage': 'end', 'time': 804829.26953187, 'elapsed_time': 0.2843785260338336, 'result': <Success: <Response [404 Not Found]>>}
{'attempts_id': UUID('080f25fe-3792-4607-aed3-de11976eef94'), 'attempt_number': 1, 'attempt_stage': 'start', 'time': 804829.270812963, 'method': 'GET', 'url': URL('https://api.elsevier.com/content/abstract/scopus_id/27644495679?view=FULL')}
Failed! <Success: <Response [404 Not Found]>>
{'attempts_id': UUID('1f4a49e6-38f1-4447-84fe-a2fdc6cc38d2'), 'attempt_number': 1, 'attempt_stage': 'end', 'time': 804829.350215588, 'elapsed_time': 0.21342493197880685, 'result': <Success: <Response [404 Not Found]>>}
{'attempts_id': UUID('06301fcd-d653-4a0f-ad88-5bd53ac8842c'), 'attempt_number': 1, 'attempt_stage': 'start', 'time': 804829.350875611, 'method': 'GET', 'url': URL('https://api.elsevier.com/content/abstract/scopus_id/0024229763?view=FULL')}
{'attempts_id': UUID('61e8b454-571b-41d6-a0d2-02647d2f71f1'), 'attempt_number': 2, 'attempt_stage': 'end', 'time': 804829.35187972, 'elapsed_time': 0.479849042952992, 'result': <Success: <Response [200 OK]>>}
{'attempts_id': UUID('19899d6f-4135-44c2-9ff0-0b62b750e754'), 'attempt_number': 1, 'attempt_stage': 'start', 'time': 804829.352523622, 'method': 'GET', 'url': URL('https://api.elsevier.com/content/abstract/scopus_id/84985273189?view=FULL')}
Failed! <Success: <Response [404 Not Found]>>
32144434430 {'codencode': 'CRFND', 'sourcetitle-abbrev': 'Crit. Rev. Food Sci. Nutr.', '@country': 'usa', 'issn': {'$': '10408398', '@type': 'print'}, 'volisspag': {'voliss': {'@volume': '45', '@issue': '6'}, 'pagerange': {'@first': '425', '@last': '445'}}, '@type': 'j', 'publicationyear': {'@first': '2005'}, 'sourcetitle': 'Critical Reviews in Food Science and Nutrition', '@srcid': '21955', 'publicationdate': {'month': '09', 'year': '2005', 'date-text': {'@xfab-added': 'true', '$': 'September 2005'}}}
{'attempts_id': UUID('b748e585-8a0d-4ba6-8b37-c6c995004861'), 'attempt_number': 1, 'attempt_stage': 'end', 'time': 804829.541899528, 'elapsed_time': 0.328968318994157, 'result': <Success: <Response [200 OK]>>}
{'attempts_id': UUID('e3edc079-1c14-4b07-ba8c-9365f0877110'), 'attempt_number': 1, 'attempt_stage': 'start', 'time': 804829.542763313, 'method': 'GET', 'url': URL('https://api.elsevier.com/content/abstract/scopus_id/0001809347?view=FULL')}
7244258916 {'codencode': 'GLYCE', 'sourcetitle-abbrev': 'Glycobiology', '@country': 'gbr', 'issn': '09596658', 'volisspag': {'pages': '53R-62R', 'voliss': {'@volume': '14', '@issue': '11'}}, '@type': 'j', 'publicationyear': {'@first': '2004'}, 'sourcetitle': 'Glycobiology', '@srcid': '17511', 'publicationdate': {'month': '11', 'year': '2004', 'date-text': {'@xfab-added': 'true', '$': 'November 2004'}}}
{'attempts_id': UUID('080f25fe-3792-4607-aed3-de11976eef94'), 'attempt_number': 1, 'attempt_stage': 'end', 'time': 804829.562180922, 'elapsed_time': 0.2913679589983076, 'result': <Success: <Response [200 OK]>>}
{'attempts_id': UUID('21d65c4f-66b8-4abc-8648-8ddedb7bc253'), 'attempt_number': 1, 'attempt_stage': 'start', 'time': 804829.562969825, 'method': 'GET', 'url': URL('https://api.elsevier.com/content/abstract/scopus_id/0017196510?view=FULL')}
27644495679 {'sourcetitle-abbrev': 'Plant Biotechnol.', 'website': {'ce:e-address': {'$': 'https://www.jstage.jst.go.jp/browse/plantbiotechnology', '@type': 'email'}}, '@country': 'jpn', 'translated-sourcetitle': {'$': 'Plant Biotechnology', '@xml:lang': 'eng'}, 'issn': [{'$': '13476114', '@type': 'electronic'}, {'$': '13424580', '@type': 'print'}], 'volisspag': {'voliss': {'@volume': '22', '@issue': '1'}, 'pagerange': {'@first': '1', '@last': '6'}}, '@type': 'j', 'publicationyear': {'@first': '2005'}, 'publisher': {'publishername': 'Japanese Society for Plant Cell and Molecular Biology'}, 'sourcetitle': 'Plant Biotechnology', '@srcid': '16582', 'publicationdate': {'year': '2005', 'date-text': {'@xfab-added': 'true', '$': '2005'}}}
{'attempts_id': UUID('19899d6f-4135-44c2-9ff0-0b62b750e754'), 'attempt_number': 1, 'attempt_stage': 'end', 'time': 804829.608968333, 'elapsed_time': 0.2564447110053152, 'result': <Success: <Response [200 OK]>>}
{'attempts_id': UUID('1fa95bfe-0961-492b-8d84-cd17e8d05b80'), 'attempt_number': 1, 'attempt_stage': 'start', 'time': 804829.609847214, 'method': 'GET', 'url': URL('https://api.elsevier.com/content/abstract/scopus_id/35649020642?view=FULL')}
84985273189 {'sourcetitle-abbrev': 'J. Food. Sci.', 'issn': [{'$': '17503841', '@type': 'electronic'}, {'$': '00221147', '@type': 'print'}], 'volisspag': {'voliss': {'@volume': '46', '@issue': '5'}, 'pagerange': {'@first': '1364', '@last': '1367'}}, '@type': 'j', 'publicationyear': {'@first': '1981'}, 'sourcetitle': 'Journal of Food Science', '@srcid': '20614', 'publicationdate': {'year': '1981', 'date-text': 'September 1981'}}
{'attempts_id': UUID('06301fcd-d653-4a0f-ad88-5bd53ac8842c'), 'attempt_number': 1, 'attempt_stage': 'end', 'time': 804829.676059183, 'elapsed_time': 0.32518357201479375, 'result': <Success: <Response [200 OK]>>}
{'attempts_id': UUID('a75477af-6142-4050-805e-ad9f81108614'), 'attempt_number': 1, 'attempt_stage': 'start', 'time': 804829.676871058, 'method': 'GET', 'url': URL('https://api.elsevier.com/content/abstract/scopus_id/75149168974?view=FULL')}
0024229763 {'codencode': 'PFHNE', 'sourcetitle-abbrev': 'Plant Food Hum Nutr', 'issn': [{'$': '09219668', '@type': 'print'}, {'$': '15739104', '@type': 'electronic'}], 'volisspag': {'voliss': {'@volume': '38', '@issue': '3'}, 'pagerange': {'@first': '251', '@last': '261'}}, '@type': 'j', 'publicationyear': {'@first': '1988'}, 'publisher': {'publishername': 'Kluwer Academic Publishers'}, 'sourcetitle': 'Plant Foods for Human Nutrition', '@srcid': '27993', 'publicationdate': {'month': '09', 'year': '1988', 'date-text': {'@xfab-added': 'true', '$': 'September 1988'}}}
{'attempts_id': UUID('a75477af-6142-4050-805e-ad9f81108614'), 'attempt_number': 1, 'attempt_stage': 'end', 'time': 804829.760397831, 'elapsed_time': 0.08352677302900702, 'result': <Success: <Response [429 Too Many Requests]>>}
{'attempts_id': UUID('e3edc079-1c14-4b07-ba8c-9365f0877110'), 'attempt_number': 1, 'attempt_stage': 'end', 'time': 804829.792119796, 'elapsed_time': 0.24935648299288005, 'result': <Success: <Response [404 Not Found]>>}
{'attempts_id': UUID('882e0ef6-45e0-439d-959a-a124686f8c8f'), 'attempt_number': 1, 'attempt_stage': 'start', 'time': 804829.79289431, 'method': 'GET', 'url': URL('https://api.elsevier.com/content/abstract/scopus_id/75149119880?view=FULL')}
Failed! <Success: <Response [404 Not Found]>>
{'attempts_id': UUID('21d65c4f-66b8-4abc-8648-8ddedb7bc253'), 'attempt_number': 1, 'attempt_stage': 'end', 'time': 804829.82254702, 'elapsed_time': 0.2595771950436756, 'result': <Success: <Response [200 OK]>>}
{'attempts_id': UUID('457ad4c2-8338-48c7-b322-e1728ffcbae8'), 'attempt_number': 1, 'attempt_stage': 'start', 'time': 804829.823455343, 'method': 'GET', 'url': URL('https://api.elsevier.com/content/abstract/scopus_id/31344453213?view=FULL')}
0017196510 {'codencode': 'BIJOA', 'sourcetitle-abbrev': 'BIOCHEM. J.', 'issn': {'$': '02646021', '@type': 'print'}, 'volisspag': {'voliss': {'@volume': '157', '@issue': '3'}, 'pagerange': {'@first': '745', '@last': '751'}}, '@type': 'j', 'publicationyear': {'@first': '1976'}, 'sourcetitle': 'Biochemical Journal', '@srcid': '16850', 'publicationdate': {'year': '1976', 'date-text': {'@xfab-added': 'true', '$': '1976'}}}
{'attempts_id': UUID('1fa95bfe-0961-492b-8d84-cd17e8d05b80'), 'attempt_number': 1, 'attempt_stage': 'end', 'time': 804829.881600655, 'elapsed_time': 0.2717534410767257, 'result': <Success: <Response [404 Not Found]>>}
{'attempts_id': UUID('2232cb54-b93b-48c2-b958-83daf4aa5258'), 'attempt_number': 1, 'attempt_stage': 'start', 'time': 804829.882176038, 'method': 'GET', 'url': URL('https://api.elsevier.com/content/abstract/scopus_id/0029972849?view=FULL')}
Failed! <Success: <Response [404 Not Found]>>
{'attempts_id': UUID('882e0ef6-45e0-439d-959a-a124686f8c8f'), 'attempt_number': 1, 'attempt_stage': 'end', 'time': 804829.888642755, 'elapsed_time': 0.09574844501912594, 'result': <Success: <Response [429 Too Many Requests]>>}
{'attempts_id': UUID('457ad4c2-8338-48c7-b322-e1728ffcbae8'), 'attempt_number': 1, 'attempt_stage': 'end', 'time': 804829.918778064, 'elapsed_time': 0.0953227209392935, 'result': <Success: <Response [429 Too Many Requests]>>}
{'attempts_id': UUID('2232cb54-b93b-48c2-b958-83daf4aa5258'), 'attempt_number': 1, 'attempt_stage': 'end', 'time': 804829.975669151, 'elapsed_time': 0.09349311306141317, 'result': <Success: <Response [429 Too Many Requests]>>}
{'attempts_id': UUID('a75477af-6142-4050-805e-ad9f81108614'), 'attempt_number': 2, 'attempt_stage': 'start', 'time': 804831.762504026, 'method': 'GET', 'url': URL('https://api.elsevier.com/content/abstract/scopus_id/75149168974?view=FULL')}
{'attempts_id': UUID('882e0ef6-45e0-439d-959a-a124686f8c8f'), 'attempt_number': 2, 'attempt_stage': 'start', 'time': 804831.890720143, 'method': 'GET', 'url': URL('https://api.elsevier.com/content/abstract/scopus_id/75149119880?view=FULL')}
{'attempts_id': UUID('457ad4c2-8338-48c7-b322-e1728ffcbae8'), 'attempt_number': 2, 'attempt_stage': 'start', 'time': 804831.920032521, 'method': 'GET', 'url': URL('https://api.elsevier.com/content/abstract/scopus_id/31344453213?view=FULL')}
{'attempts_id': UUID('a75477af-6142-4050-805e-ad9f81108614'), 'attempt_number': 2, 'attempt_stage': 'end', 'time': 804831.963873325, 'elapsed_time': 0.20136929908767343, 'result': <Success: <Response [404 Not Found]>>}
{'attempts_id': UUID('4d47b473-d7fe-41f7-940d-efbb5c03183c'), 'attempt_number': 1, 'attempt_stage': 'start', 'time': 804831.964728002, 'method': 'GET', 'url': URL('https://api.elsevier.com/content/abstract/scopus_id/33846781508?view=FULL')}
Failed! <Success: <Response [404 Not Found]>>
{'attempts_id': UUID('2232cb54-b93b-48c2-b958-83daf4aa5258'), 'attempt_number': 2, 'attempt_stage': 'start', 'time': 804831.976466019, 'method': 'GET', 'url': URL('https://api.elsevier.com/content/abstract/scopus_id/0029972849?view=FULL')}
{'attempts_id': UUID('882e0ef6-45e0-439d-959a-a124686f8c8f'), 'attempt_number': 2, 'attempt_stage': 'end', 'time': 804832.152138355, 'elapsed_time': 0.26141821197234094, 'result': <Success: <Response [404 Not Found]>>}
{'attempts_id': UUID('d95c7e52-bfed-40eb-aebb-43c5410b45bb'), 'attempt_number': 1, 'attempt_stage': 'start', 'time': 804832.152722139, 'method': 'GET', 'url': URL('https://api.elsevier.com/content/abstract/scopus_id/0033957644?view=FULL')}
Failed! <Success: <Response [404 Not Found]>>
{'attempts_id': UUID('457ad4c2-8338-48c7-b322-e1728ffcbae8'), 'attempt_number': 2, 'attempt_stage': 'end', 'time': 804832.239178569, 'elapsed_time': 0.31914604804478586, 'result': <Success: <Response [200 OK]>>}
{'attempts_id': UUID('3a1f27a3-a4f0-42a4-a403-46200acb84a1'), 'attempt_number': 1, 'attempt_stage': 'start', 'time': 804832.240227481, 'method': 'GET', 'url': URL('https://api.elsevier.com/content/abstract/scopus_id/0032957934?view=FULL')}
31344453213 {'codencode': 'IJFNE', 'sourcetitle-abbrev': 'Int. J. Food Sci. Nutr.', '@country': 'gbr', 'issn': [{'$': '09637486', '@type': 'print'}, {'$': '14653478', '@type': 'electronic'}], 'volisspag': {'voliss': {'@volume': '56', '@issue': '6'}, 'pagerange': {'@first': '415', '@last': '430'}}, '@type': 'j', 'publicationyear': {'@first': '2005'}, 'sourcetitle': 'International Journal of Food Sciences and Nutrition', '@srcid': '12676', 'publicationdate': {'month': '09', 'year': '2005', 'date-text': {'@xfab-added': 'true', '$': 'September 2005'}}}
{'attempts_id': UUID('4d47b473-d7fe-41f7-940d-efbb5c03183c'), 'attempt_number': 1, 'attempt_stage': 'end', 'time': 804832.311551866, 'elapsed_time': 0.34682386403437704, 'result': <Success: <Response [200 OK]>>}
{'attempts_id': UUID('f3dc1645-640b-4aac-9a5c-5874a43095f3'), 'attempt_number': 1, 'attempt_stage': 'start', 'time': 804832.312226187, 'method': 'GET', 'url': URL('https://api.elsevier.com/content/abstract/scopus_id/75149131091?view=FULL')}
33846781508 {'codencode': 'PEPTD', 'sourcetitle-abbrev': 'Peptides', '@country': 'usa', 'issn': {'$': '01969781', '@type': 'print'}, 'volisspag': {'voliss': {'@volume': '28', '@issue': '3'}, 'pagerange': {'@first': '547', '@last': '552'}}, '@type': 'j', 'publicationyear': {'@first': '2007'}, 'sourcetitle': 'Peptides', '@srcid': '14222', 'publicationdate': {'month': '03', 'year': '2007', 'date-text': {'@xfab-added': 'true', '$': 'March 2007'}}}
{'attempts_id': UUID('2232cb54-b93b-48c2-b958-83daf4aa5258'), 'attempt_number': 2, 'attempt_stage': 'end', 'time': 804832.330701828, 'elapsed_time': 0.3542358089471236, 'result': <Success: <Response [200 OK]>>}
{'attempts_id': UUID('827d4694-8543-467c-8ca5-5f99e2bca20d'), 'attempt_number': 1, 'attempt_stage': 'start', 'time': 804832.33135918, 'method': 'GET', 'url': URL('https://api.elsevier.com/content/abstract/scopus_id/38549151817?view=FULL')}
0029972849 {'website': {'ce:e-address': {'$': 'www.elsevier.com/locate/immpharm', '@type': 'email'}}, 'translated-sourcetitle': {'$': 'Immunopharmacology', '@xml:lang': 'eng'}, 'volisspag': {'voliss': {'@volume': '31', '@issue': '2-3'}, 'pagerange': {'@first': '205', '@last': '211'}}, '@type': 'j', 'sourcetitle': 'Immunopharmacology', 'publicationdate': {'year': '1996', 'date-text': 'March 1996'}, 'codencode': 'IMMUD', 'sourcetitle-abbrev': 'IMMUNOPHARMACOLOGY', '@country': 'nld', 'issn': {'$': '01623109', '@type': 'print'}, 'publicationyear': {'@first': '1996'}, 'publisher': {'publishername': 'Elsevier B.V.'}, '@srcid': '68602'}
{'attempts_id': UUID('d95c7e52-bfed-40eb-aebb-43c5410b45bb'), 'attempt_number': 1, 'attempt_stage': 'end', 'time': 804832.436748485, 'elapsed_time': 0.2840263459365815, 'result': <Success: <Response [200 OK]>>}
{'attempts_id': UUID('59c3f37d-31ca-44d4-bb58-707dceafdaf0'), 'attempt_number': 1, 'attempt_stage': 'start', 'time': 804832.437374951, 'method': 'GET', 'url': URL('https://api.elsevier.com/content/abstract/scopus_id/0036219595?view=FULL')}
0033957644 {'codencode': 'IJBBF', 'sourcetitle-abbrev': 'Int. J. Biochem. Cell Biol.', '@country': 'gbr', 'issn': {'$': '13572725', '@type': 'print'}, 'volisspag': {'voliss': {'@volume': '32', '@issue': '3'}, 'pagerange': {'@first': '365', '@last': '372'}}, '@type': 'j', 'publicationyear': {'@first': '2000'}, 'sourcetitle': 'International Journal of Biochemistry and Cell Biology', '@srcid': '17542', 'publicationdate': {'month': '03', 'year': '2000', 'date-text': {'@xfab-added': 'true', '$': '1 March 2000'}, 'day': '01'}}
{'attempts_id': UUID('f3dc1645-640b-4aac-9a5c-5874a43095f3'), 'attempt_number': 1, 'attempt_stage': 'end', 'time': 804832.524926602, 'elapsed_time': 0.21270041505340487, 'result': <Success: <Response [404 Not Found]>>}
{'attempts_id': UUID('02977ca8-cb4f-49a6-9692-01e84be3dfc7'), 'attempt_number': 1, 'attempt_stage': 'start', 'time': 804832.52559777, 'method': 'GET', 'url': URL('https://api.elsevier.com/content/abstract/scopus_id/0037169297?view=FULL')}
Failed! <Success: <Response [404 Not Found]>>
{'attempts_id': UUID('3a1f27a3-a4f0-42a4-a403-46200acb84a1'), 'attempt_number': 1, 'attempt_stage': 'end', 'time': 804832.543378321, 'elapsed_time': 0.30315083998721093, 'result': <Success: <Response [200 OK]>>}
{'attempts_id': UUID('f2c2922d-2ab3-46ab-8dfd-210139705055'), 'attempt_number': 1, 'attempt_stage': 'start', 'time': 804832.543992215, 'method': 'GET', 'url': URL('https://api.elsevier.com/content/abstract/scopus_id/0037409169?view=FULL')}
0032957934 {'codencode': 'DDSCD', 'sourcetitle-abbrev': 'Dig. Dis. Sci.', '@country': 'usa', 'issn': {'$': '01632116', '@type': 'print'}, 'volisspag': {'voliss': {'@volume': '44', '@issue': '5'}, 'pagerange': {'@first': '986', '@last': '990'}}, '@type': 'j', 'publicationyear': {'@first': '1999'}, 'sourcetitle': 'Digestive Diseases and Sciences', '@srcid': '28300', 'publicationdate': {'year': '1999', 'date-text': {'@xfab-added': 'true', '$': '1999'}}}
{'attempts_id': UUID('827d4694-8543-467c-8ca5-5f99e2bca20d'), 'attempt_number': 1, 'attempt_stage': 'end', 'time': 804832.644566747, 'elapsed_time': 0.3132075669709593, 'result': <Success: <Response [200 OK]>>}
38549151817 {'codencode': 'NARHA', 'sourcetitle-abbrev': 'Nucleic Acids Res.', '@country': 'gbr', 'issn': [{'$': '03051048', '@type': 'print'}, {'$': '13624962', '@type': 'electronic'}], 'volisspag': {'pages': 'D901-D906', 'voliss': {'@volume': '36', '@issue': 'SUPPL. 1'}}, '@type': 'j', 'publicationyear': {'@first': '2008'}, 'sourcetitle': 'Nucleic Acids Research', '@srcid': '14204', 'publicationdate': {'month': '01', 'year': '2008', 'date-text': {'@xfab-added': 'true', '$': 'January 2008'}}}
{'attempts_id': UUID('59c3f37d-31ca-44d4-bb58-707dceafdaf0'), 'attempt_number': 1, 'attempt_stage': 'end', 'time': 804832.722183994, 'elapsed_time': 0.284809043048881, 'result': <Success: <Response [200 OK]>>}
0036219595 {'codencode': 'FORIE', 'sourcetitle-abbrev': 'Food Res. Int.', '@country': 'gbr', 'issn': {'$': '09639969', '@type': 'print'}, 'volisspag': {'voliss': {'@volume': '35', '@issue': '4'}, 'pagerange': {'@first': '367', '@last': '375'}}, '@type': 'j', 'publicationyear': {'@first': '2002'}, 'sourcetitle': 'Food Research International', '@srcid': '23180', 'publicationdate': {'year': '2002', 'date-text': {'@xfab-added': 'true', '$': '2002'}}}
{'attempts_id': UUID('02977ca8-cb4f-49a6-9692-01e84be3dfc7'), 'attempt_number': 1, 'attempt_stage': 'end', 'time': 804832.790052562, 'elapsed_time': 0.26445479202084243, 'result': <Success: <Response [200 OK]>>}
0037169297 {'codencode': 'LIFSA', 'sourcetitle-abbrev': 'Life Sci.', '@country': 'usa', 'issn': {'$': '00243205', '@type': 'print'}, 'volisspag': {'voliss': {'@volume': '70', '@issue': '10'}, 'pagerange': {'@first': '1129', '@last': '1138'}}, '@type': 'j', 'publicationyear': {'@first': '2002'}, 'sourcetitle': 'Life Sciences', '@srcid': '20473', 'publicationdate': {'month': '01', 'year': '2002', 'date-text': {'@xfab-added': 'true', '$': '25 January 2002'}, 'day': '25'}}
{'attempts_id': UUID('f2c2922d-2ab3-46ab-8dfd-210139705055'), 'attempt_number': 1, 'attempt_stage': 'end', 'time': 804832.843648158, 'elapsed_time': 0.2996559430612251, 'result': <Success: <Response [200 OK]>>}
0037409169 {'codencode': 'FOCHD', 'sourcetitle-abbrev': 'Food Chem.', '@country': 'gbr', 'issn': {'$': '03088146', '@type': 'print'}, 'volisspag': {'voliss': {'@volume': '81', '@issue': '3'}, 'pagerange': {'@first': '363', '@last': '369'}}, '@type': 'j', 'publicationyear': {'@first': '2003'}, 'sourcetitle': 'Food Chemistry', '@srcid': '24039', 'publicationdate': {'month': '06', 'year': '2003', 'date-text': {'@xfab-added': 'true', '$': 'June 2003'}}}
