{'attempts_id': UUID('423575d8-1fa1-4991-bc04-7508d868283e'), 'attempt_number': 1, 'attempt_stage': 'start', 'time': 804337.26066468, 'method': 'GET', 'url': URL('https://api.elsevier.com/content/abstract/scopus_id/75149190029?view=FULL')}
{'attempts_id': UUID('423575d8-1fa1-4991-bc04-7508d868283e'), 'attempt_number': 1, 'attempt_stage': 'end', 'time': 804338.551889168, 'elapsed_time': 1.2912244879407808, 'result': <Success: <Response [200 OK]>>}
umn_issn='09639969'
umn_refcount=103
len(umn_reference_scopus_ids)=103
{'attempts_id': UUID('d10714f1-c526-4f54-9b4e-25c1cf182d4a'), 'attempt_number': 1, 'attempt_stage': 'start', 'time': 804338.554800342, 'method': 'GET', 'url': URL('https://api.elsevier.com/content/abstract/scopus_id/75149160193?view=FULL')}
{'attempts_id': UUID('05879889-565e-4fa7-952f-e3d46edc2981'), 'attempt_number': 1, 'attempt_stage': 'start', 'time': 804338.556246736, 'method': 'GET', 'url': URL('https://api.elsevier.com/content/abstract/scopus_id/75149115900?view=FULL')}
{'attempts_id': UUID('2f21034d-3427-49c9-b989-2cc9092b7594'), 'attempt_number': 1, 'attempt_stage': 'start', 'time': 804338.557346807, 'method': 'GET', 'url': URL('https://api.elsevier.com/content/abstract/scopus_id/75149191551?view=FULL')}
{'attempts_id': UUID('3cd7f3e3-4078-4f7a-8d68-736945532fdb'), 'attempt_number': 1, 'attempt_stage': 'start', 'time': 804338.558283088, 'method': 'GET', 'url': URL('https://api.elsevier.com/content/abstract/scopus_id/75149193597?view=FULL')}
{'attempts_id': UUID('d10714f1-c526-4f54-9b4e-25c1cf182d4a'), 'attempt_number': 1, 'attempt_stage': 'end', 'time': 804339.310077058, 'elapsed_time': 0.7552767160814255, 'result': <Success: <Response [404 Not Found]>>}
{'attempts_id': UUID('9422bd23-fbfd-49e9-a17d-6eb20668747f'), 'attempt_number': 1, 'attempt_stage': 'start', 'time': 804339.310764625, 'method': 'GET', 'url': URL('https://api.elsevier.com/content/abstract/scopus_id/0344097508?view=FULL')}
Failed! <Success: <Response [404 Not Found]>>
{'attempts_id': UUID('05879889-565e-4fa7-952f-e3d46edc2981'), 'attempt_number': 1, 'attempt_stage': 'end', 'time': 804339.469379244, 'elapsed_time': 0.913132508052513, 'result': <Success: <Response [404 Not Found]>>}
{'attempts_id': UUID('f80cde52-dbb7-4c76-96f0-292f1cd76920'), 'attempt_number': 1, 'attempt_stage': 'start', 'time': 804339.470178401, 'method': 'GET', 'url': URL('https://api.elsevier.com/content/abstract/scopus_id/50649094650?view=FULL')}
Failed! <Success: <Response [404 Not Found]>>
{'attempts_id': UUID('2f21034d-3427-49c9-b989-2cc9092b7594'), 'attempt_number': 1, 'attempt_stage': 'end', 'time': 804339.809287429, 'elapsed_time': 1.2519406219944358, 'result': <Success: <Response [404 Not Found]>>}
{'attempts_id': UUID('b3a7ec87-ee83-4156-8ffb-9374c9527ffb'), 'attempt_number': 1, 'attempt_stage': 'start', 'time': 804339.809944716, 'method': 'GET', 'url': URL('https://api.elsevier.com/content/abstract/scopus_id/38249026510?view=FULL')}
Failed! <Success: <Response [404 Not Found]>>
{'attempts_id': UUID('3cd7f3e3-4078-4f7a-8d68-736945532fdb'), 'attempt_number': 1, 'attempt_stage': 'end', 'time': 804339.85924152, 'elapsed_time': 1.3009584320243448, 'result': <Success: <Response [404 Not Found]>>}
{'attempts_id': UUID('4cbe7e45-6460-4099-8661-a43d3a9301fe'), 'attempt_number': 1, 'attempt_stage': 'start', 'time': 804339.859812639, 'method': 'GET', 'url': URL('https://api.elsevier.com/content/abstract/scopus_id/84855507947?view=FULL')}
Failed! <Success: <Response [404 Not Found]>>
{'attempts_id': UUID('f80cde52-dbb7-4c76-96f0-292f1cd76920'), 'attempt_number': 1, 'attempt_stage': 'end', 'time': 804340.191595038, 'elapsed_time': 0.7214166370686144, 'result': <Success: <Response [200 OK]>>}
{'attempts_id': UUID('2ed48aaa-91ee-43d4-88ed-5813c030b7f4'), 'attempt_number': 1, 'attempt_stage': 'start', 'time': 804340.19248352, 'method': 'GET', 'url': URL('https://api.elsevier.com/content/abstract/scopus_id/0029833141?view=FULL')}
{'attempts_id': UUID('9422bd23-fbfd-49e9-a17d-6eb20668747f'), 'attempt_number': 1, 'attempt_stage': 'end', 'time': 804340.306900276, 'elapsed_time': 0.9961356510175392, 'result': <Success: <Response [200 OK]>>}
{'attempts_id': UUID('f887626c-1616-401f-bb3e-ab675b529fe8'), 'attempt_number': 1, 'attempt_stage': 'start', 'time': 804340.307902496, 'method': 'GET', 'url': URL('https://api.elsevier.com/content/abstract/scopus_id/75149165376?view=FULL')}
{'attempts_id': UUID('b3a7ec87-ee83-4156-8ffb-9374c9527ffb'), 'attempt_number': 1, 'attempt_stage': 'end', 'time': 804340.434906632, 'elapsed_time': 0.6249619160080329, 'result': <Success: <Response [200 OK]>>}
{'attempts_id': UUID('793f6244-97bc-4463-8d31-38231f2ba107'), 'attempt_number': 1, 'attempt_stage': 'start', 'time': 804340.435429533, 'method': 'GET', 'url': URL('https://api.elsevier.com/content/abstract/scopus_id/0020362344?view=FULL')}
{'attempts_id': UUID('2ed48aaa-91ee-43d4-88ed-5813c030b7f4'), 'attempt_number': 1, 'attempt_stage': 'end', 'time': 804340.536638573, 'elapsed_time': 0.3441550530260429, 'result': <Success: <Response [200 OK]>>}
{'attempts_id': UUID('0193fca8-f5e7-46c2-8651-86b6f98db7b3'), 'attempt_number': 1, 'attempt_stage': 'start', 'time': 804340.53786038, 'method': 'GET', 'url': URL('https://api.elsevier.com/content/abstract/scopus_id/0030749526?view=FULL')}
{'attempts_id': UUID('f887626c-1616-401f-bb3e-ab675b529fe8'), 'attempt_number': 1, 'attempt_stage': 'end', 'time': 804340.557495255, 'elapsed_time': 0.2495927590643987, 'result': <Success: <Response [404 Not Found]>>}
{'attempts_id': UUID('4890498d-b51f-4670-8acb-f7ea8b5b9908'), 'attempt_number': 1, 'attempt_stage': 'start', 'time': 804340.55836003, 'method': 'GET', 'url': URL('https://api.elsevier.com/content/abstract/scopus_id/0031983817?view=FULL')}
Failed! <Success: <Response [404 Not Found]>>
{'attempts_id': UUID('793f6244-97bc-4463-8d31-38231f2ba107'), 'attempt_number': 1, 'attempt_stage': 'end', 'time': 804341.0740758, 'elapsed_time': 0.6386462670052424, 'result': <Success: <Response [200 OK]>>}
{'attempts_id': UUID('523797ea-bb92-4297-854e-4fe55605e81d'), 'attempt_number': 1, 'attempt_stage': 'start', 'time': 804341.074764719, 'method': 'GET', 'url': URL('https://api.elsevier.com/content/abstract/scopus_id/0022967349?view=FULL')}
scopus id: 0020362344
{'codencode': 'JPFOD', 'sourcetitle-abbrev': 'J. PLANT FOODS', '@country': 'gbr', 'volisspag': {'voliss': {'@volume': '4', '@issue': '1'}, 'pagerange': {'@first': '15', '@last': '22'}}, '@type': 'j', 'publicationyear': {'@first': '1982'}, 'sourcetitle': {'@xfab-added': 'true', '$': 'J. PLANT FOODS'}, '@srcid': '83067', 'publicationdate': {'year': '1982', 'date-text': {'@xfab-added': 'true', '$': '1982'}}}
{'attempts_id': UUID('0193fca8-f5e7-46c2-8651-86b6f98db7b3'), 'attempt_number': 1, 'attempt_stage': 'end', 'time': 804341.094615047, 'elapsed_time': 0.5567546669626608, 'result': <Success: <Response [200 OK]>>}
{'attempts_id': UUID('f05d7c00-5bda-4b16-a400-acfd4258d33f'), 'attempt_number': 1, 'attempt_stage': 'start', 'time': 804341.095225546, 'method': 'GET', 'url': URL('https://api.elsevier.com/content/abstract/scopus_id/0036981085?view=FULL')}
{'attempts_id': UUID('523797ea-bb92-4297-854e-4fe55605e81d'), 'attempt_number': 1, 'attempt_stage': 'end', 'time': 804341.347713897, 'elapsed_time': 0.27294917800463736, 'result': <Success: <Response [200 OK]>>}
{'attempts_id': UUID('8df87df1-c053-41c7-8545-b49a646d27b9'), 'attempt_number': 1, 'attempt_stage': 'start', 'time': 804341.348515892, 'method': 'GET', 'url': URL('https://api.elsevier.com/content/abstract/scopus_id/75149113747?view=FULL')}
{'attempts_id': UUID('f05d7c00-5bda-4b16-a400-acfd4258d33f'), 'attempt_number': 1, 'attempt_stage': 'end', 'time': 804341.447596536, 'elapsed_time': 0.35237098997458816, 'result': <Success: <Response [200 OK]>>}
{'attempts_id': UUID('e63ec649-9393-451c-bc4a-74bb7cfdbcdc'), 'attempt_number': 1, 'attempt_stage': 'start', 'time': 804341.448271214, 'method': 'GET', 'url': URL('https://api.elsevier.com/content/abstract/scopus_id/0016213578?view=FULL')}
{'attempts_id': UUID('4cbe7e45-6460-4099-8661-a43d3a9301fe'), 'attempt_number': 1, 'attempt_stage': 'end', 'time': 804341.492272427, 'elapsed_time': 1.6324597880011424, 'result': <Success: <Response [404 Not Found]>>}
{'attempts_id': UUID('b1196ae2-03fb-4bf6-902e-12d7ba813cbd'), 'attempt_number': 1, 'attempt_stage': 'start', 'time': 804341.492878182, 'method': 'GET', 'url': URL('https://api.elsevier.com/content/abstract/scopus_id/75149145647?view=FULL')}
Failed! <Success: <Response [404 Not Found]>>
{'attempts_id': UUID('8df87df1-c053-41c7-8545-b49a646d27b9'), 'attempt_number': 1, 'attempt_stage': 'end', 'time': 804341.569961319, 'elapsed_time': 0.22144542692694813, 'result': <Success: <Response [404 Not Found]>>}
{'attempts_id': UUID('5f2c55c4-1bf8-44e4-aa4f-5d5c81a30c9b'), 'attempt_number': 1, 'attempt_stage': 'start', 'time': 804341.570557623, 'method': 'GET', 'url': URL('https://api.elsevier.com/content/abstract/scopus_id/0342831714?view=FULL')}
Failed! <Success: <Response [404 Not Found]>>
{'attempts_id': UUID('b1196ae2-03fb-4bf6-902e-12d7ba813cbd'), 'attempt_number': 1, 'attempt_stage': 'end', 'time': 804341.693700689, 'elapsed_time': 0.20082250703126192, 'result': <Success: <Response [404 Not Found]>>}
{'attempts_id': UUID('0b6a0f31-6221-46db-a0f6-65ade1ffe8d3'), 'attempt_number': 1, 'attempt_stage': 'start', 'time': 804341.694620851, 'method': 'GET', 'url': URL('https://api.elsevier.com/content/abstract/scopus_id/0142190895?view=FULL')}
Failed! <Success: <Response [404 Not Found]>>
{'attempts_id': UUID('e63ec649-9393-451c-bc4a-74bb7cfdbcdc'), 'attempt_number': 1, 'attempt_stage': 'end', 'time': 804341.730841986, 'elapsed_time': 0.2825707719894126, 'result': <Success: <Response [200 OK]>>}
{'attempts_id': UUID('bfdd5d57-12a6-4e2b-bed1-c377fd79c1e4'), 'attempt_number': 1, 'attempt_stage': 'start', 'time': 804341.73207661, 'method': 'GET', 'url': URL('https://api.elsevier.com/content/abstract/scopus_id/0008254515?view=FULL')}
{'attempts_id': UUID('5f2c55c4-1bf8-44e4-aa4f-5d5c81a30c9b'), 'attempt_number': 1, 'attempt_stage': 'end', 'time': 804341.777354196, 'elapsed_time': 0.20679657289292663, 'result': <Success: <Response [404 Not Found]>>}
{'attempts_id': UUID('9e472c9b-326b-4647-8045-06703a56cb18'), 'attempt_number': 1, 'attempt_stage': 'start', 'time': 804341.778448578, 'method': 'GET', 'url': URL('https://api.elsevier.com/content/abstract/scopus_id/0000229676?view=FULL')}
Failed! <Success: <Response [404 Not Found]>>
{'attempts_id': UUID('0b6a0f31-6221-46db-a0f6-65ade1ffe8d3'), 'attempt_number': 1, 'attempt_stage': 'end', 'time': 804341.923708638, 'elapsed_time': 0.22908778698183596, 'result': <Success: <Response [404 Not Found]>>}
{'attempts_id': UUID('4088e37c-e72d-4445-8cc8-545ba4c3de81'), 'attempt_number': 1, 'attempt_stage': 'start', 'time': 804341.924720933, 'method': 'GET', 'url': URL('https://api.elsevier.com/content/abstract/scopus_id/32344435383?view=FULL')}
Failed! <Success: <Response [404 Not Found]>>
{'attempts_id': UUID('4088e37c-e72d-4445-8cc8-545ba4c3de81'), 'attempt_number': 1, 'attempt_stage': 'end', 'time': 804341.995606101, 'elapsed_time': 0.07088516803923994, 'result': <Success: <Response [429 Too Many Requests]>>}
{'attempts_id': UUID('9e472c9b-326b-4647-8045-06703a56cb18'), 'attempt_number': 1, 'attempt_stage': 'end', 'time': 804342.019578579, 'elapsed_time': 0.24113000102806836, 'result': <Success: <Response [200 OK]>>}
{'attempts_id': UUID('015c05cb-4ade-4a8e-b290-54543ac65a8b'), 'attempt_number': 1, 'attempt_stage': 'start', 'time': 804342.020281402, 'method': 'GET', 'url': URL('https://api.elsevier.com/content/abstract/scopus_id/0030851358?view=FULL')}
{'attempts_id': UUID('4890498d-b51f-4670-8acb-f7ea8b5b9908'), 'attempt_number': 1, 'attempt_stage': 'end', 'time': 804342.05530267, 'elapsed_time': 1.496942640049383, 'result': <Success: <Response [200 OK]>>}
{'attempts_id': UUID('4198c2f1-df02-4f50-97d3-a2a234e33e1c'), 'attempt_number': 1, 'attempt_stage': 'start', 'time': 804342.056018979, 'method': 'GET', 'url': URL('https://api.elsevier.com/content/abstract/scopus_id/0041683074?view=FULL')}
{'attempts_id': UUID('4198c2f1-df02-4f50-97d3-a2a234e33e1c'), 'attempt_number': 1, 'attempt_stage': 'end', 'time': 804342.407949796, 'elapsed_time': 0.35193081689067185, 'result': <Success: <Response [200 OK]>>}
{'attempts_id': UUID('b05e3bb3-bb70-4ea8-8f66-1331645d7f4b'), 'attempt_number': 1, 'attempt_stage': 'start', 'time': 804342.409348391, 'method': 'GET', 'url': URL('https://api.elsevier.com/content/abstract/scopus_id/51049097278?view=FULL')}
{'attempts_id': UUID('015c05cb-4ade-4a8e-b290-54543ac65a8b'), 'attempt_number': 1, 'attempt_stage': 'end', 'time': 804342.47588608, 'elapsed_time': 0.4556046779034659, 'result': <Success: <Response [200 OK]>>}
{'attempts_id': UUID('867715bc-9a0b-4ce5-a000-1afa8838dfa5'), 'attempt_number': 1, 'attempt_stage': 'start', 'time': 804342.476663435, 'method': 'GET', 'url': URL('https://api.elsevier.com/content/abstract/scopus_id/0001390371?view=FULL')}
{'attempts_id': UUID('867715bc-9a0b-4ce5-a000-1afa8838dfa5'), 'attempt_number': 1, 'attempt_stage': 'end', 'time': 804342.69002893, 'elapsed_time': 0.2133654949720949, 'result': <Success: <Response [404 Not Found]>>}
{'attempts_id': UUID('b6b3910f-aa8d-4b51-8023-5c570004ef0f'), 'attempt_number': 1, 'attempt_stage': 'start', 'time': 804342.69085942, 'method': 'GET', 'url': URL('https://api.elsevier.com/content/abstract/scopus_id/29844438773?view=FULL')}
Failed! <Success: <Response [404 Not Found]>>
{'attempts_id': UUID('bfdd5d57-12a6-4e2b-bed1-c377fd79c1e4'), 'attempt_number': 1, 'attempt_stage': 'end', 'time': 804342.753459594, 'elapsed_time': 1.0213829840067774, 'result': <Success: <Response [404 Not Found]>>}
{'attempts_id': UUID('7f8af37f-1142-4a64-b68e-73676476a709'), 'attempt_number': 1, 'attempt_stage': 'start', 'time': 804342.754207431, 'method': 'GET', 'url': URL('https://api.elsevier.com/content/abstract/scopus_id/0000861325?view=FULL')}
Failed! <Success: <Response [404 Not Found]>>
{'attempts_id': UUID('b05e3bb3-bb70-4ea8-8f66-1331645d7f4b'), 'attempt_number': 1, 'attempt_stage': 'end', 'time': 804342.846050499, 'elapsed_time': 0.4367021080106497, 'result': <Success: <Response [200 OK]>>}
{'attempts_id': UUID('a34da889-66b9-46c0-9a50-d2cf4d5e4102'), 'attempt_number': 1, 'attempt_stage': 'start', 'time': 804342.846621664, 'method': 'GET', 'url': URL('https://api.elsevier.com/content/abstract/scopus_id/0032760778?view=FULL')}
{'attempts_id': UUID('7f8af37f-1142-4a64-b68e-73676476a709'), 'attempt_number': 1, 'attempt_stage': 'end', 'time': 804343.016461383, 'elapsed_time': 0.26225395197980106, 'result': <Success: <Response [200 OK]>>}
{'attempts_id': UUID('70aee42f-2d46-46f0-b595-0970a95b7b5b'), 'attempt_number': 1, 'attempt_stage': 'start', 'time': 804343.017040677, 'method': 'GET', 'url': URL('https://api.elsevier.com/content/abstract/scopus_id/0030161855?view=FULL')}
{'attempts_id': UUID('b6b3910f-aa8d-4b51-8023-5c570004ef0f'), 'attempt_number': 1, 'attempt_stage': 'end', 'time': 804343.040291787, 'elapsed_time': 0.34943236701656133, 'result': <Success: <Response [200 OK]>>}
{'attempts_id': UUID('ec416be9-dcb1-4c88-8f5f-35a1aa648262'), 'attempt_number': 1, 'attempt_stage': 'start', 'time': 804343.040871089, 'method': 'GET', 'url': URL('https://api.elsevier.com/content/abstract/scopus_id/0028121297?view=FULL')}
{'attempts_id': UUID('a34da889-66b9-46c0-9a50-d2cf4d5e4102'), 'attempt_number': 1, 'attempt_stage': 'end', 'time': 804343.142479835, 'elapsed_time': 0.29585817095357925, 'result': <Success: <Response [200 OK]>>}
{'attempts_id': UUID('c9b2a615-e399-4a58-95f2-8f6eb3a2c2ba'), 'attempt_number': 1, 'attempt_stage': 'start', 'time': 804343.143158644, 'method': 'GET', 'url': URL('https://api.elsevier.com/content/abstract/scopus_id/32144434430?view=FULL')}
{'attempts_id': UUID('70aee42f-2d46-46f0-b595-0970a95b7b5b'), 'attempt_number': 1, 'attempt_stage': 'end', 'time': 804343.291782763, 'elapsed_time': 0.27474208595231175, 'result': <Success: <Response [200 OK]>>}
{'attempts_id': UUID('7a110679-ad39-4ecc-a62b-996990b028fa'), 'attempt_number': 1, 'attempt_stage': 'start', 'time': 804343.292739596, 'method': 'GET', 'url': URL('https://api.elsevier.com/content/abstract/scopus_id/75149144078?view=FULL')}
{'attempts_id': UUID('ec416be9-dcb1-4c88-8f5f-35a1aa648262'), 'attempt_number': 1, 'attempt_stage': 'end', 'time': 804343.352599713, 'elapsed_time': 0.3117286240449175, 'result': <Success: <Response [200 OK]>>}
{'attempts_id': UUID('33537e22-184d-4c75-9188-410f4e74425b'), 'attempt_number': 1, 'attempt_stage': 'start', 'time': 804343.353579735, 'method': 'GET', 'url': URL('https://api.elsevier.com/content/abstract/scopus_id/75149115438?view=FULL')}
{'attempts_id': UUID('7a110679-ad39-4ecc-a62b-996990b028fa'), 'attempt_number': 1, 'attempt_stage': 'end', 'time': 804343.537923946, 'elapsed_time': 0.24518435006029904, 'result': <Success: <Response [404 Not Found]>>}
{'attempts_id': UUID('76bea0c9-1987-4a63-b6cb-2d9a11938604'), 'attempt_number': 1, 'attempt_stage': 'start', 'time': 804343.53863147, 'method': 'GET', 'url': URL('https://api.elsevier.com/content/abstract/scopus_id/35449007166?view=FULL')}
{'attempts_id': UUID('33537e22-184d-4c75-9188-410f4e74425b'), 'attempt_number': 1, 'attempt_stage': 'end', 'time': 804343.570442511, 'elapsed_time': 0.2168627759674564, 'result': <Success: <Response [404 Not Found]>>}
{'attempts_id': UUID('357122c3-5678-4d07-8c5b-76f7f0e80bf5'), 'attempt_number': 1, 'attempt_stage': 'start', 'time': 804343.571221789, 'method': 'GET', 'url': URL('https://api.elsevier.com/content/abstract/scopus_id/34147123803?view=FULL')}
{'attempts_id': UUID('c9b2a615-e399-4a58-95f2-8f6eb3a2c2ba'), 'attempt_number': 1, 'attempt_stage': 'end', 'time': 804343.598201286, 'elapsed_time': 0.45504264207556844, 'result': <Success: <Response [200 OK]>>}
{'attempts_id': UUID('533269df-7451-4c76-a308-376b0fca36a4'), 'attempt_number': 1, 'attempt_stage': 'start', 'time': 804343.599178315, 'method': 'GET', 'url': URL('https://api.elsevier.com/content/abstract/scopus_id/0029958113?view=FULL')}
{'attempts_id': UUID('76bea0c9-1987-4a63-b6cb-2d9a11938604'), 'attempt_number': 1, 'attempt_stage': 'end', 'time': 804343.828018207, 'elapsed_time': 0.28938673704396933, 'result': <Success: <Response [200 OK]>>}
{'attempts_id': UUID('9c181b8f-21bc-46e0-af5e-f0b4933a14b3'), 'attempt_number': 1, 'attempt_stage': 'start', 'time': 804343.828637537, 'method': 'GET', 'url': URL('https://api.elsevier.com/content/abstract/scopus_id/43049107998?view=FULL')}
{'attempts_id': UUID('533269df-7451-4c76-a308-376b0fca36a4'), 'attempt_number': 1, 'attempt_stage': 'end', 'time': 804343.930543547, 'elapsed_time': 0.3313652320066467, 'result': <Success: <Response [200 OK]>>}
{'attempts_id': UUID('bda5caf5-8f7a-4c04-8512-6e5375989121'), 'attempt_number': 1, 'attempt_stage': 'start', 'time': 804343.931198609, 'method': 'GET', 'url': URL('https://api.elsevier.com/content/abstract/scopus_id/0009580310?view=FULL')}
{'attempts_id': UUID('357122c3-5678-4d07-8c5b-76f7f0e80bf5'), 'attempt_number': 1, 'attempt_stage': 'end', 'time': 804343.94709953, 'elapsed_time': 0.37587774102576077, 'result': <Success: <Response [200 OK]>>}
{'attempts_id': UUID('06c4a2be-b9ac-4c29-9898-dfb11ac9f078'), 'attempt_number': 1, 'attempt_stage': 'start', 'time': 804343.947677316, 'method': 'GET', 'url': URL('https://api.elsevier.com/content/abstract/scopus_id/35348862011?view=FULL')}
{'attempts_id': UUID('4088e37c-e72d-4445-8cc8-545ba4c3de81'), 'attempt_number': 2, 'attempt_stage': 'start', 'time': 804343.996069246, 'method': 'GET', 'url': URL('https://api.elsevier.com/content/abstract/scopus_id/32344435383?view=FULL')}
{'attempts_id': UUID('bda5caf5-8f7a-4c04-8512-6e5375989121'), 'attempt_number': 1, 'attempt_stage': 'end', 'time': 804344.006633953, 'elapsed_time': 0.07543534401338547, 'result': <Success: <Response [429 Too Many Requests]>>}
{'attempts_id': UUID('06c4a2be-b9ac-4c29-9898-dfb11ac9f078'), 'attempt_number': 1, 'attempt_stage': 'end', 'time': 804344.03176065, 'elapsed_time': 0.08408333396073431, 'result': <Success: <Response [429 Too Many Requests]>>}
{'attempts_id': UUID('9c181b8f-21bc-46e0-af5e-f0b4933a14b3'), 'attempt_number': 1, 'attempt_stage': 'end', 'time': 804344.194684465, 'elapsed_time': 0.36604692798573524, 'result': <Success: <Response [200 OK]>>}
{'attempts_id': UUID('c2dded4f-c99c-4b84-b30b-e168365e0458'), 'attempt_number': 1, 'attempt_stage': 'start', 'time': 804344.195641485, 'method': 'GET', 'url': URL('https://api.elsevier.com/content/abstract/scopus_id/75149141059?view=FULL')}
{'attempts_id': UUID('c2dded4f-c99c-4b84-b30b-e168365e0458'), 'attempt_number': 1, 'attempt_stage': 'end', 'time': 804344.388065592, 'elapsed_time': 0.19242410699371248, 'result': <Success: <Response [404 Not Found]>>}
{'attempts_id': UUID('30676d6f-bf7a-4302-ab26-d2f6614c309d'), 'attempt_number': 1, 'attempt_stage': 'start', 'time': 804344.388663898, 'method': 'GET', 'url': URL('https://api.elsevier.com/content/abstract/scopus_id/0036904545?view=FULL')}
{'attempts_id': UUID('4088e37c-e72d-4445-8cc8-545ba4c3de81'), 'attempt_number': 2, 'attempt_stage': 'end', 'time': 804344.510534483, 'elapsed_time': 0.5144652370363474, 'result': <Success: <Response [200 OK]>>}
{'attempts_id': UUID('b388d121-dca7-47e2-b8ab-caa8cf8e9836'), 'attempt_number': 1, 'attempt_stage': 'start', 'time': 804344.511075244, 'method': 'GET', 'url': URL('https://api.elsevier.com/content/abstract/scopus_id/0027442756?view=FULL')}
{'attempts_id': UUID('b388d121-dca7-47e2-b8ab-caa8cf8e9836'), 'attempt_number': 1, 'attempt_stage': 'end', 'time': 804344.759084232, 'elapsed_time': 0.2480089879827574, 'result': <Success: <Response [200 OK]>>}
{'attempts_id': UUID('d7f23d50-de13-45c6-9fe2-30cedeed441b'), 'attempt_number': 1, 'attempt_stage': 'start', 'time': 804344.759773271, 'method': 'GET', 'url': URL('https://api.elsevier.com/content/abstract/scopus_id/0028809235?view=FULL')}
{'attempts_id': UUID('30676d6f-bf7a-4302-ab26-d2f6614c309d'), 'attempt_number': 1, 'attempt_stage': 'end', 'time': 804344.766281472, 'elapsed_time': 0.37761757406406105, 'result': <Success: <Response [200 OK]>>}
{'attempts_id': UUID('cf5e722c-37d5-4d60-a2fd-dccee55eb3ef'), 'attempt_number': 1, 'attempt_stage': 'start', 'time': 804344.766985352, 'method': 'GET', 'url': URL('https://api.elsevier.com/content/abstract/scopus_id/13844322374?view=FULL')}
{'attempts_id': UUID('d7f23d50-de13-45c6-9fe2-30cedeed441b'), 'attempt_number': 1, 'attempt_stage': 'end', 'time': 804345.039427228, 'elapsed_time': 0.2796539569972083, 'result': <Success: <Response [200 OK]>>}
{'attempts_id': UUID('aa04ef4d-bb53-4e23-a1ef-e6dadd0909bc'), 'attempt_number': 1, 'attempt_stage': 'start', 'time': 804345.040306078, 'method': 'GET', 'url': URL('https://api.elsevier.com/content/abstract/scopus_id/0018873523?view=FULL')}
{'attempts_id': UUID('cf5e722c-37d5-4d60-a2fd-dccee55eb3ef'), 'attempt_number': 1, 'attempt_stage': 'end', 'time': 804345.047885969, 'elapsed_time': 0.2809006170136854, 'result': <Success: <Response [200 OK]>>}
{'attempts_id': UUID('8c42c97d-5134-4ed3-893f-5ad0b914c6a6'), 'attempt_number': 1, 'attempt_stage': 'start', 'time': 804345.048549943, 'method': 'GET', 'url': URL('https://api.elsevier.com/content/abstract/scopus_id/75149120759?view=FULL')}
{'attempts_id': UUID('8c42c97d-5134-4ed3-893f-5ad0b914c6a6'), 'attempt_number': 1, 'attempt_stage': 'end', 'time': 804345.246986658, 'elapsed_time': 0.19843671494163573, 'result': <Success: <Response [404 Not Found]>>}
{'attempts_id': UUID('4b3a2ae1-859d-4643-b4af-62661d89f907'), 'attempt_number': 1, 'attempt_stage': 'start', 'time': 804345.247499336, 'method': 'GET', 'url': URL('https://api.elsevier.com/content/abstract/scopus_id/3242774456?view=FULL')}
{'attempts_id': UUID('aa04ef4d-bb53-4e23-a1ef-e6dadd0909bc'), 'attempt_number': 1, 'attempt_stage': 'end', 'time': 804345.266417816, 'elapsed_time': 0.22611173801124096, 'result': <Success: <Response [200 OK]>>}
{'attempts_id': UUID('8f2564d6-8bfc-4b54-9c0c-3352c38e1d74'), 'attempt_number': 1, 'attempt_stage': 'start', 'time': 804345.267156755, 'method': 'GET', 'url': URL('https://api.elsevier.com/content/abstract/scopus_id/33644930319?view=FULL')}
{'attempts_id': UUID('8f2564d6-8bfc-4b54-9c0c-3352c38e1d74'), 'attempt_number': 1, 'attempt_stage': 'end', 'time': 804345.594682894, 'elapsed_time': 0.3275261389790103, 'result': <Success: <Response [200 OK]>>}
{'attempts_id': UUID('448752fb-36a0-441b-aac0-4e1919da804c'), 'attempt_number': 1, 'attempt_stage': 'start', 'time': 804345.595340793, 'method': 'GET', 'url': URL('https://api.elsevier.com/content/abstract/scopus_id/0003551413?view=FULL')}
{'attempts_id': UUID('4b3a2ae1-859d-4643-b4af-62661d89f907'), 'attempt_number': 1, 'attempt_stage': 'end', 'time': 804345.725763325, 'elapsed_time': 0.4782639889745042, 'result': <Success: <Response [200 OK]>>}
{'attempts_id': UUID('bf728a3d-3087-431c-9fa1-2bdcf55514d2'), 'attempt_number': 1, 'attempt_stage': 'start', 'time': 804345.726425038, 'method': 'GET', 'url': URL('https://api.elsevier.com/content/abstract/scopus_id/0033014549?view=FULL')}
{'attempts_id': UUID('448752fb-36a0-441b-aac0-4e1919da804c'), 'attempt_number': 1, 'attempt_stage': 'end', 'time': 804345.806521247, 'elapsed_time': 0.21118045400362462, 'result': <Success: <Response [404 Not Found]>>}
{'attempts_id': UUID('719ba466-8a1f-48e8-9209-ab7725d8aa24'), 'attempt_number': 1, 'attempt_stage': 'start', 'time': 804345.807153863, 'method': 'GET', 'url': URL('https://api.elsevier.com/content/abstract/scopus_id/0002773005?view=FULL')}
{'attempts_id': UUID('bda5caf5-8f7a-4c04-8512-6e5375989121'), 'attempt_number': 2, 'attempt_stage': 'start', 'time': 804346.008036257, 'method': 'GET', 'url': URL('https://api.elsevier.com/content/abstract/scopus_id/0009580310?view=FULL')}
{'attempts_id': UUID('719ba466-8a1f-48e8-9209-ab7725d8aa24'), 'attempt_number': 1, 'attempt_stage': 'end', 'time': 804346.014518863, 'elapsed_time': 0.20736500003840774, 'result': <Success: <Response [404 Not Found]>>}
{'attempts_id': UUID('dba25fd3-eec1-44fd-b169-9aaf941b471a'), 'attempt_number': 1, 'attempt_stage': 'start', 'time': 804346.015324854, 'method': 'GET', 'url': URL('https://api.elsevier.com/content/abstract/scopus_id/3543100683?view=FULL')}
{'attempts_id': UUID('06c4a2be-b9ac-4c29-9898-dfb11ac9f078'), 'attempt_number': 2, 'attempt_stage': 'start', 'time': 804346.032037686, 'method': 'GET', 'url': URL('https://api.elsevier.com/content/abstract/scopus_id/35348862011?view=FULL')}
{'attempts_id': UUID('bf728a3d-3087-431c-9fa1-2bdcf55514d2'), 'attempt_number': 1, 'attempt_stage': 'end', 'time': 804346.057113987, 'elapsed_time': 0.3306889490922913, 'result': <Success: <Response [200 OK]>>}
{'attempts_id': UUID('d8a1b167-5c6a-4592-bdfe-bf69ba419aa1'), 'attempt_number': 1, 'attempt_stage': 'start', 'time': 804346.058010808, 'method': 'GET', 'url': URL('https://api.elsevier.com/content/abstract/scopus_id/33746531279?view=FULL')}
{'attempts_id': UUID('bda5caf5-8f7a-4c04-8512-6e5375989121'), 'attempt_number': 2, 'attempt_stage': 'end', 'time': 804346.213846677, 'elapsed_time': 0.2058104199822992, 'result': <Success: <Response [404 Not Found]>>}
{'attempts_id': UUID('45ed22db-ef6a-4491-a412-a39be8c1b968'), 'attempt_number': 1, 'attempt_stage': 'start', 'time': 804346.214520393, 'method': 'GET', 'url': URL('https://api.elsevier.com/content/abstract/scopus_id/0343266523?view=FULL')}
{'attempts_id': UUID('dba25fd3-eec1-44fd-b169-9aaf941b471a'), 'attempt_number': 1, 'attempt_stage': 'end', 'time': 804346.283784494, 'elapsed_time': 0.2684596400940791, 'result': <Success: <Response [404 Not Found]>>}
{'attempts_id': UUID('c11fcc8d-3ecc-43b8-81af-ac479347130d'), 'attempt_number': 1, 'attempt_stage': 'start', 'time': 804346.284449833, 'method': 'GET', 'url': URL('https://api.elsevier.com/content/abstract/scopus_id/0042732573?view=FULL')}
{'attempts_id': UUID('06c4a2be-b9ac-4c29-9898-dfb11ac9f078'), 'attempt_number': 2, 'attempt_stage': 'end', 'time': 804346.33301003, 'elapsed_time': 0.3009723440045491, 'result': <Success: <Response [200 OK]>>}
{'attempts_id': UUID('e2f821d8-ad38-45b8-a267-93709d8ac941'), 'attempt_number': 1, 'attempt_stage': 'start', 'time': 804346.3337609, 'method': 'GET', 'url': URL('https://api.elsevier.com/content/abstract/scopus_id/34548162029?view=FULL')}
{'attempts_id': UUID('d8a1b167-5c6a-4592-bdfe-bf69ba419aa1'), 'attempt_number': 1, 'attempt_stage': 'end', 'time': 804346.361266589, 'elapsed_time': 0.30325578106567264, 'result': <Success: <Response [200 OK]>>}
{'attempts_id': UUID('b1686411-30cc-4225-95f3-e7afccc69dac'), 'attempt_number': 1, 'attempt_stage': 'start', 'time': 804346.362452866, 'method': 'GET', 'url': URL('https://api.elsevier.com/content/abstract/scopus_id/85122905075?view=FULL')}
{'attempts_id': UUID('45ed22db-ef6a-4491-a412-a39be8c1b968'), 'attempt_number': 1, 'attempt_stage': 'end', 'time': 804346.419980578, 'elapsed_time': 0.20546018495224416, 'result': <Success: <Response [404 Not Found]>>}
{'attempts_id': UUID('62783adf-8091-40fd-bc2e-59ec5bbb9ce9'), 'attempt_number': 1, 'attempt_stage': 'start', 'time': 804346.420822179, 'method': 'GET', 'url': URL('https://api.elsevier.com/content/abstract/scopus_id/34547323478?view=FULL')}
{'attempts_id': UUID('e2f821d8-ad38-45b8-a267-93709d8ac941'), 'attempt_number': 1, 'attempt_stage': 'end', 'time': 804346.545117373, 'elapsed_time': 0.21135647303890437, 'result': <Success: <Response [404 Not Found]>>}
{'attempts_id': UUID('5f3ee7e5-33c0-4af4-af0d-2016748332b5'), 'attempt_number': 1, 'attempt_stage': 'start', 'time': 804346.545700169, 'method': 'GET', 'url': URL('https://api.elsevier.com/content/abstract/scopus_id/0032839807?view=FULL')}
{'attempts_id': UUID('5f3ee7e5-33c0-4af4-af0d-2016748332b5'), 'attempt_number': 1, 'attempt_stage': 'end', 'time': 804346.623780938, 'elapsed_time': 0.07808076892979443, 'result': <Success: <Response [429 Too Many Requests]>>}
{'attempts_id': UUID('c11fcc8d-3ecc-43b8-81af-ac479347130d'), 'attempt_number': 1, 'attempt_stage': 'end', 'time': 804346.634017039, 'elapsed_time': 0.34956720599438995, 'result': <Success: <Response [200 OK]>>}
{'attempts_id': UUID('22cb4208-1dad-490c-ba1f-2d36344ce5e2'), 'attempt_number': 1, 'attempt_stage': 'start', 'time': 804346.63463907, 'method': 'GET', 'url': URL('https://api.elsevier.com/content/abstract/scopus_id/0027426080?view=FULL')}
{'attempts_id': UUID('22cb4208-1dad-490c-ba1f-2d36344ce5e2'), 'attempt_number': 1, 'attempt_stage': 'end', 'time': 804346.705520983, 'elapsed_time': 0.07088191295042634, 'result': <Success: <Response [429 Too Many Requests]>>}
{'attempts_id': UUID('62783adf-8091-40fd-bc2e-59ec5bbb9ce9'), 'attempt_number': 1, 'attempt_stage': 'end', 'time': 804346.757253415, 'elapsed_time': 0.3364312360063195, 'result': <Success: <Response [200 OK]>>}
{'attempts_id': UUID('35901273-a817-4313-bf14-ea095fb7a63f'), 'attempt_number': 1, 'attempt_stage': 'start', 'time': 804346.758268951, 'method': 'GET', 'url': URL('https://api.elsevier.com/content/abstract/scopus_id/0004918111?view=FULL')}
{'attempts_id': UUID('b1686411-30cc-4225-95f3-e7afccc69dac'), 'attempt_number': 1, 'attempt_stage': 'end', 'time': 804346.782503508, 'elapsed_time': 0.4200506419874728, 'result': <Success: <Response [200 OK]>>}
{'attempts_id': UUID('ddb0f253-4a95-4ff6-8e3a-17d866ea41dc'), 'attempt_number': 1, 'attempt_stage': 'start', 'time': 804346.783053991, 'method': 'GET', 'url': URL('https://api.elsevier.com/content/abstract/scopus_id/33745197770?view=FULL')}
{'attempts_id': UUID('35901273-a817-4313-bf14-ea095fb7a63f'), 'attempt_number': 1, 'attempt_stage': 'end', 'time': 804346.834999482, 'elapsed_time': 0.07673053105827421, 'result': <Success: <Response [429 Too Many Requests]>>}
{'attempts_id': UUID('ddb0f253-4a95-4ff6-8e3a-17d866ea41dc'), 'attempt_number': 1, 'attempt_stage': 'end', 'time': 804346.862138061, 'elapsed_time': 0.07908406993374228, 'result': <Success: <Response [429 Too Many Requests]>>}
{'attempts_id': UUID('5f3ee7e5-33c0-4af4-af0d-2016748332b5'), 'attempt_number': 2, 'attempt_stage': 'start', 'time': 804348.624036014, 'method': 'GET', 'url': URL('https://api.elsevier.com/content/abstract/scopus_id/0032839807?view=FULL')}
{'attempts_id': UUID('22cb4208-1dad-490c-ba1f-2d36344ce5e2'), 'attempt_number': 2, 'attempt_stage': 'start', 'time': 804348.707545379, 'method': 'GET', 'url': URL('https://api.elsevier.com/content/abstract/scopus_id/0027426080?view=FULL')}
{'attempts_id': UUID('35901273-a817-4313-bf14-ea095fb7a63f'), 'attempt_number': 2, 'attempt_stage': 'start', 'time': 804348.836079367, 'method': 'GET', 'url': URL('https://api.elsevier.com/content/abstract/scopus_id/0004918111?view=FULL')}
{'attempts_id': UUID('ddb0f253-4a95-4ff6-8e3a-17d866ea41dc'), 'attempt_number': 2, 'attempt_stage': 'start', 'time': 804348.864034279, 'method': 'GET', 'url': URL('https://api.elsevier.com/content/abstract/scopus_id/33745197770?view=FULL')}
{'attempts_id': UUID('22cb4208-1dad-490c-ba1f-2d36344ce5e2'), 'attempt_number': 2, 'attempt_stage': 'end', 'time': 804349.010138869, 'elapsed_time': 0.3025934901088476, 'result': <Success: <Response [200 OK]>>}
{'attempts_id': UUID('aa467992-4a11-4dfa-a34f-84ae48e62302'), 'attempt_number': 1, 'attempt_stage': 'start', 'time': 804349.010868075, 'method': 'GET', 'url': URL('https://api.elsevier.com/content/abstract/scopus_id/0028016014?view=FULL')}
{'attempts_id': UUID('5f3ee7e5-33c0-4af4-af0d-2016748332b5'), 'attempt_number': 2, 'attempt_stage': 'end', 'time': 804349.077947243, 'elapsed_time': 0.4539112290367484, 'result': <Success: <Response [200 OK]>>}
{'attempts_id': UUID('fb0ae8d3-3ce6-4012-92e6-88754ede88c6'), 'attempt_number': 1, 'attempt_stage': 'start', 'time': 804349.079057517, 'method': 'GET', 'url': URL('https://api.elsevier.com/content/abstract/scopus_id/0019252614?view=FULL')}
{'attempts_id': UUID('35901273-a817-4313-bf14-ea095fb7a63f'), 'attempt_number': 2, 'attempt_stage': 'end', 'time': 804349.110731705, 'elapsed_time': 0.27465233800467104, 'result': <Success: <Response [404 Not Found]>>}
{'attempts_id': UUID('c3de688a-161e-46e5-81d1-99705efc343f'), 'attempt_number': 1, 'attempt_stage': 'start', 'time': 804349.111334068, 'method': 'GET', 'url': URL('https://api.elsevier.com/content/abstract/scopus_id/33646816054?view=FULL')}
{'attempts_id': UUID('ddb0f253-4a95-4ff6-8e3a-17d866ea41dc'), 'attempt_number': 2, 'attempt_stage': 'end', 'time': 804349.184438947, 'elapsed_time': 0.32040466798935086, 'result': <Success: <Response [200 OK]>>}
{'attempts_id': UUID('26d7ca09-f26d-464e-90ff-448c0a7eb716'), 'attempt_number': 1, 'attempt_stage': 'start', 'time': 804349.184962613, 'method': 'GET', 'url': URL('https://api.elsevier.com/content/abstract/scopus_id/0003634702?view=FULL')}
{'attempts_id': UUID('fb0ae8d3-3ce6-4012-92e6-88754ede88c6'), 'attempt_number': 1, 'attempt_stage': 'end', 'time': 804349.321974215, 'elapsed_time': 0.24291669798549265, 'result': <Success: <Response [200 OK]>>}
{'attempts_id': UUID('dabc68e1-01b9-4608-bc2c-210e78be452c'), 'attempt_number': 1, 'attempt_stage': 'start', 'time': 804349.322631928, 'method': 'GET', 'url': URL('https://api.elsevier.com/content/abstract/scopus_id/4243357029?view=FULL')}
{'attempts_id': UUID('aa467992-4a11-4dfa-a34f-84ae48e62302'), 'attempt_number': 1, 'attempt_stage': 'end', 'time': 804349.363082436, 'elapsed_time': 0.3522143610753119, 'result': <Success: <Response [200 OK]>>}
{'attempts_id': UUID('17d60694-15ae-4ee4-a28e-140dc2eaed6c'), 'attempt_number': 1, 'attempt_stage': 'start', 'time': 804349.364058024, 'method': 'GET', 'url': URL('https://api.elsevier.com/content/abstract/scopus_id/0036302694?view=FULL')}
{'attempts_id': UUID('26d7ca09-f26d-464e-90ff-448c0a7eb716'), 'attempt_number': 1, 'attempt_stage': 'end', 'time': 804349.39218665, 'elapsed_time': 0.2072240369161591, 'result': <Success: <Response [404 Not Found]>>}
{'attempts_id': UUID('f4cacdef-fbda-4a6a-859c-0eafff2f18f7'), 'attempt_number': 1, 'attempt_stage': 'start', 'time': 804349.392820438, 'method': 'GET', 'url': URL('https://api.elsevier.com/content/abstract/scopus_id/0030130380?view=FULL')}
{'attempts_id': UUID('c3de688a-161e-46e5-81d1-99705efc343f'), 'attempt_number': 1, 'attempt_stage': 'end', 'time': 804349.43286876, 'elapsed_time': 0.32153469196055084, 'result': <Success: <Response [200 OK]>>}
{'attempts_id': UUID('3612178f-273e-4292-b11f-a9eec7cf9464'), 'attempt_number': 1, 'attempt_stage': 'start', 'time': 804349.433862858, 'method': 'GET', 'url': URL('https://api.elsevier.com/content/abstract/scopus_id/0034734223?view=FULL')}
{'attempts_id': UUID('dabc68e1-01b9-4608-bc2c-210e78be452c'), 'attempt_number': 1, 'attempt_stage': 'end', 'time': 804349.574081403, 'elapsed_time': 0.2514494749484584, 'result': <Success: <Response [404 Not Found]>>}
{'attempts_id': UUID('4a1cc276-eb07-4901-9a37-4333fe95c0e5'), 'attempt_number': 1, 'attempt_stage': 'start', 'time': 804349.574892416, 'method': 'GET', 'url': URL('https://api.elsevier.com/content/abstract/scopus_id/75149164504?view=FULL')}
{'attempts_id': UUID('f4cacdef-fbda-4a6a-859c-0eafff2f18f7'), 'attempt_number': 1, 'attempt_stage': 'end', 'time': 804349.69736846, 'elapsed_time': 0.3045480219880119, 'result': <Success: <Response [200 OK]>>}
{'attempts_id': UUID('d5bfe0ce-c75d-448a-9ccd-b23c1b2e1ac5'), 'attempt_number': 1, 'attempt_stage': 'start', 'time': 804349.69799712, 'method': 'GET', 'url': URL('https://api.elsevier.com/content/abstract/scopus_id/75149157713?view=FULL')}
{'attempts_id': UUID('3612178f-273e-4292-b11f-a9eec7cf9464'), 'attempt_number': 1, 'attempt_stage': 'end', 'time': 804349.780053428, 'elapsed_time': 0.3461905700387433, 'result': <Success: <Response [200 OK]>>}
{'attempts_id': UUID('8ed93f40-5215-4b8f-99fd-0bc5572aed12'), 'attempt_number': 1, 'attempt_stage': 'start', 'time': 804349.780748129, 'method': 'GET', 'url': URL('https://api.elsevier.com/content/abstract/scopus_id/75149118394?view=FULL')}
{'attempts_id': UUID('17d60694-15ae-4ee4-a28e-140dc2eaed6c'), 'attempt_number': 1, 'attempt_stage': 'end', 'time': 804349.784372981, 'elapsed_time': 0.4203149570384994, 'result': <Success: <Response [200 OK]>>}
{'attempts_id': UUID('fe62fb55-f531-4347-ba53-bf0316b82e14'), 'attempt_number': 1, 'attempt_stage': 'start', 'time': 804349.78519988, 'method': 'GET', 'url': URL('https://api.elsevier.com/content/abstract/scopus_id/0030486803?view=FULL')}
{'attempts_id': UUID('d5bfe0ce-c75d-448a-9ccd-b23c1b2e1ac5'), 'attempt_number': 1, 'attempt_stage': 'end', 'time': 804349.788068647, 'elapsed_time': 0.09007152705453336, 'result': <Success: <Response [429 Too Many Requests]>>}
{'attempts_id': UUID('4a1cc276-eb07-4901-9a37-4333fe95c0e5'), 'attempt_number': 1, 'attempt_stage': 'end', 'time': 804349.806895843, 'elapsed_time': 0.23200342699419707, 'result': <Success: <Response [404 Not Found]>>}
{'attempts_id': UUID('a9a78b27-7010-45c9-a250-6a82755d8167'), 'attempt_number': 1, 'attempt_stage': 'start', 'time': 804349.8078307, 'method': 'GET', 'url': URL('https://api.elsevier.com/content/abstract/scopus_id/0031941559?view=FULL')}
{'attempts_id': UUID('8ed93f40-5215-4b8f-99fd-0bc5572aed12'), 'attempt_number': 1, 'attempt_stage': 'end', 'time': 804349.856741343, 'elapsed_time': 0.07599321403540671, 'result': <Success: <Response [429 Too Many Requests]>>}
{'attempts_id': UUID('fe62fb55-f531-4347-ba53-bf0316b82e14'), 'attempt_number': 1, 'attempt_stage': 'end', 'time': 804349.864462446, 'elapsed_time': 0.07926256593782455, 'result': <Success: <Response [429 Too Many Requests]>>}
{'attempts_id': UUID('a9a78b27-7010-45c9-a250-6a82755d8167'), 'attempt_number': 1, 'attempt_stage': 'end', 'time': 804349.89309122, 'elapsed_time': 0.0852605199906975, 'result': <Success: <Response [429 Too Many Requests]>>}
{'attempts_id': UUID('d5bfe0ce-c75d-448a-9ccd-b23c1b2e1ac5'), 'attempt_number': 2, 'attempt_stage': 'start', 'time': 804351.788176431, 'method': 'GET', 'url': URL('https://api.elsevier.com/content/abstract/scopus_id/75149157713?view=FULL')}
{'attempts_id': UUID('8ed93f40-5215-4b8f-99fd-0bc5572aed12'), 'attempt_number': 2, 'attempt_stage': 'start', 'time': 804351.858813632, 'method': 'GET', 'url': URL('https://api.elsevier.com/content/abstract/scopus_id/75149118394?view=FULL')}
{'attempts_id': UUID('fe62fb55-f531-4347-ba53-bf0316b82e14'), 'attempt_number': 2, 'attempt_stage': 'start', 'time': 804351.865969719, 'method': 'GET', 'url': URL('https://api.elsevier.com/content/abstract/scopus_id/0030486803?view=FULL')}
{'attempts_id': UUID('a9a78b27-7010-45c9-a250-6a82755d8167'), 'attempt_number': 2, 'attempt_stage': 'start', 'time': 804351.894257649, 'method': 'GET', 'url': URL('https://api.elsevier.com/content/abstract/scopus_id/0031941559?view=FULL')}
{'attempts_id': UUID('d5bfe0ce-c75d-448a-9ccd-b23c1b2e1ac5'), 'attempt_number': 2, 'attempt_stage': 'end', 'time': 804352.00542819, 'elapsed_time': 0.2172517590224743, 'result': <Success: <Response [404 Not Found]>>}
{'attempts_id': UUID('251b19a6-cef7-4adb-8126-420a87390216'), 'attempt_number': 1, 'attempt_stage': 'start', 'time': 804352.005917492, 'method': 'GET', 'url': URL('https://api.elsevier.com/content/abstract/scopus_id/33747399034?view=FULL')}
{'attempts_id': UUID('8ed93f40-5215-4b8f-99fd-0bc5572aed12'), 'attempt_number': 2, 'attempt_stage': 'end', 'time': 804352.084438226, 'elapsed_time': 0.22562459390610456, 'result': <Success: <Response [404 Not Found]>>}
{'attempts_id': UUID('ac47279c-c20f-4980-9456-83b735d24a41'), 'attempt_number': 1, 'attempt_stage': 'start', 'time': 804352.084945215, 'method': 'GET', 'url': URL('https://api.elsevier.com/content/abstract/scopus_id/0000180578?view=FULL')}
{'attempts_id': UUID('fe62fb55-f531-4347-ba53-bf0316b82e14'), 'attempt_number': 2, 'attempt_stage': 'end', 'time': 804352.145937574, 'elapsed_time': 0.27996785496361554, 'result': <Success: <Response [200 OK]>>}
{'attempts_id': UUID('bf08be68-aa81-41e0-a6d6-25b8fc22d6a8'), 'attempt_number': 1, 'attempt_stage': 'start', 'time': 804352.146590378, 'method': 'GET', 'url': URL('https://api.elsevier.com/content/abstract/scopus_id/33748065305?view=FULL')}
{'attempts_id': UUID('a9a78b27-7010-45c9-a250-6a82755d8167'), 'attempt_number': 2, 'attempt_stage': 'end', 'time': 804352.216108661, 'elapsed_time': 0.321851012064144, 'result': <Success: <Response [200 OK]>>}
{'attempts_id': UUID('c1b43604-363c-45ac-a04a-b110f8ecd9ba'), 'attempt_number': 1, 'attempt_stage': 'start', 'time': 804352.216762187, 'method': 'GET', 'url': URL('https://api.elsevier.com/content/abstract/scopus_id/32144434430?view=FULL')}
{'attempts_id': UUID('ac47279c-c20f-4980-9456-83b735d24a41'), 'attempt_number': 1, 'attempt_stage': 'end', 'time': 804352.310043334, 'elapsed_time': 0.22509811900090426, 'result': <Success: <Response [404 Not Found]>>}
{'attempts_id': UUID('76e0cf09-b922-4ef6-b53c-24b9af448a73'), 'attempt_number': 1, 'attempt_stage': 'start', 'time': 804352.311439627, 'method': 'GET', 'url': URL('https://api.elsevier.com/content/abstract/scopus_id/75149117921?view=FULL')}
{'attempts_id': UUID('251b19a6-cef7-4adb-8126-420a87390216'), 'attempt_number': 1, 'attempt_stage': 'end', 'time': 804352.352463202, 'elapsed_time': 0.3465457099955529, 'result': <Success: <Response [200 OK]>>}
{'attempts_id': UUID('f48bbd0a-4041-4e2e-ae29-129366b03433'), 'attempt_number': 1, 'attempt_stage': 'start', 'time': 804352.353453523, 'method': 'GET', 'url': URL('https://api.elsevier.com/content/abstract/scopus_id/75149145191?view=FULL')}
{'attempts_id': UUID('bf08be68-aa81-41e0-a6d6-25b8fc22d6a8'), 'attempt_number': 1, 'attempt_stage': 'end', 'time': 804352.475965006, 'elapsed_time': 0.3293746280251071, 'result': <Success: <Response [200 OK]>>}
{'attempts_id': UUID('3357db8a-a3e2-412b-8730-0d52f547b7ff'), 'attempt_number': 1, 'attempt_stage': 'start', 'time': 804352.477018115, 'method': 'GET', 'url': URL('https://api.elsevier.com/content/abstract/scopus_id/75149187080?view=FULL')}
{'attempts_id': UUID('76e0cf09-b922-4ef6-b53c-24b9af448a73'), 'attempt_number': 1, 'attempt_stage': 'end', 'time': 804352.529919785, 'elapsed_time': 0.2184801580151543, 'result': <Success: <Response [404 Not Found]>>}
{'attempts_id': UUID('53418309-1aaa-4cc0-9101-0e141b303187'), 'attempt_number': 1, 'attempt_stage': 'start', 'time': 804352.53060832, 'method': 'GET', 'url': URL('https://api.elsevier.com/content/abstract/scopus_id/7244258916?view=FULL')}
{'attempts_id': UUID('f48bbd0a-4041-4e2e-ae29-129366b03433'), 'attempt_number': 1, 'attempt_stage': 'end', 'time': 804352.595617619, 'elapsed_time': 0.24216409598011523, 'result': <Success: <Response [404 Not Found]>>}
{'attempts_id': UUID('94146e5f-57d1-47fe-85bc-9da1077cb54b'), 'attempt_number': 1, 'attempt_stage': 'start', 'time': 804352.596209547, 'method': 'GET', 'url': URL('https://api.elsevier.com/content/abstract/scopus_id/27644495679?view=FULL')}
{'attempts_id': UUID('c1b43604-363c-45ac-a04a-b110f8ecd9ba'), 'attempt_number': 1, 'attempt_stage': 'end', 'time': 804352.703060457, 'elapsed_time': 0.48629827005788684, 'result': <Success: <Response [200 OK]>>}
{'attempts_id': UUID('d81e2985-974f-40ca-882b-fc26ab4a35c3'), 'attempt_number': 1, 'attempt_stage': 'start', 'time': 804352.703673578, 'method': 'GET', 'url': URL('https://api.elsevier.com/content/abstract/scopus_id/0024229763?view=FULL')}
{'attempts_id': UUID('3357db8a-a3e2-412b-8730-0d52f547b7ff'), 'attempt_number': 1, 'attempt_stage': 'end', 'time': 804352.717976355, 'elapsed_time': 0.24095823999959975, 'result': <Success: <Response [404 Not Found]>>}
{'attempts_id': UUID('abb11cce-29c2-4269-84e7-e5c4b9bd530d'), 'attempt_number': 1, 'attempt_stage': 'start', 'time': 804352.718570423, 'method': 'GET', 'url': URL('https://api.elsevier.com/content/abstract/scopus_id/84985273189?view=FULL')}
{'attempts_id': UUID('abb11cce-29c2-4269-84e7-e5c4b9bd530d'), 'attempt_number': 1, 'attempt_stage': 'end', 'time': 804352.794606217, 'elapsed_time': 0.0760357939871028, 'result': <Success: <Response [429 Too Many Requests]>>}
{'attempts_id': UUID('d81e2985-974f-40ca-882b-fc26ab4a35c3'), 'attempt_number': 1, 'attempt_stage': 'end', 'time': 804352.816932872, 'elapsed_time': 0.11325929407030344, 'result': <Success: <Response [429 Too Many Requests]>>}
{'attempts_id': UUID('53418309-1aaa-4cc0-9101-0e141b303187'), 'attempt_number': 1, 'attempt_stage': 'end', 'time': 804352.865563712, 'elapsed_time': 0.33495539193972945, 'result': <Success: <Response [200 OK]>>}
{'attempts_id': UUID('1d6b8ca0-061a-4a2f-80cd-cafdd9ae6d92'), 'attempt_number': 1, 'attempt_stage': 'start', 'time': 804352.866265348, 'method': 'GET', 'url': URL('https://api.elsevier.com/content/abstract/scopus_id/0001809347?view=FULL')}
{'attempts_id': UUID('94146e5f-57d1-47fe-85bc-9da1077cb54b'), 'attempt_number': 1, 'attempt_stage': 'end', 'time': 804352.937969018, 'elapsed_time': 0.34175947098992765, 'result': <Success: <Response [200 OK]>>}
{'attempts_id': UUID('a9164cd5-48d0-46ac-840d-3ab1ced37ccc'), 'attempt_number': 1, 'attempt_stage': 'start', 'time': 804352.938631833, 'method': 'GET', 'url': URL('https://api.elsevier.com/content/abstract/scopus_id/0017196510?view=FULL')}
{'attempts_id': UUID('1d6b8ca0-061a-4a2f-80cd-cafdd9ae6d92'), 'attempt_number': 1, 'attempt_stage': 'end', 'time': 804352.950680647, 'elapsed_time': 0.08441529900301248, 'result': <Success: <Response [429 Too Many Requests]>>}
{'attempts_id': UUID('a9164cd5-48d0-46ac-840d-3ab1ced37ccc'), 'attempt_number': 1, 'attempt_stage': 'end', 'time': 804353.021512283, 'elapsed_time': 0.08288045006338507, 'result': <Success: <Response [429 Too Many Requests]>>}
{'attempts_id': UUID('abb11cce-29c2-4269-84e7-e5c4b9bd530d'), 'attempt_number': 2, 'attempt_stage': 'start', 'time': 804354.796071203, 'method': 'GET', 'url': URL('https://api.elsevier.com/content/abstract/scopus_id/84985273189?view=FULL')}
{'attempts_id': UUID('d81e2985-974f-40ca-882b-fc26ab4a35c3'), 'attempt_number': 2, 'attempt_stage': 'start', 'time': 804354.819040652, 'method': 'GET', 'url': URL('https://api.elsevier.com/content/abstract/scopus_id/0024229763?view=FULL')}
{'attempts_id': UUID('1d6b8ca0-061a-4a2f-80cd-cafdd9ae6d92'), 'attempt_number': 2, 'attempt_stage': 'start', 'time': 804354.952100252, 'method': 'GET', 'url': URL('https://api.elsevier.com/content/abstract/scopus_id/0001809347?view=FULL')}
{'attempts_id': UUID('a9164cd5-48d0-46ac-840d-3ab1ced37ccc'), 'attempt_number': 2, 'attempt_stage': 'start', 'time': 804355.023588909, 'method': 'GET', 'url': URL('https://api.elsevier.com/content/abstract/scopus_id/0017196510?view=FULL')}
{'attempts_id': UUID('abb11cce-29c2-4269-84e7-e5c4b9bd530d'), 'attempt_number': 2, 'attempt_stage': 'end', 'time': 804355.038044705, 'elapsed_time': 0.24197350209578872, 'result': <Success: <Response [200 OK]>>}
{'attempts_id': UUID('802fa323-82e2-49d3-804b-fdddd256dfff'), 'attempt_number': 1, 'attempt_stage': 'start', 'time': 804355.038847038, 'method': 'GET', 'url': URL('https://api.elsevier.com/content/abstract/scopus_id/35649020642?view=FULL')}
{'attempts_id': UUID('d81e2985-974f-40ca-882b-fc26ab4a35c3'), 'attempt_number': 2, 'attempt_stage': 'end', 'time': 804355.123845258, 'elapsed_time': 0.30480460601393133, 'result': <Success: <Response [200 OK]>>}
{'attempts_id': UUID('6e96446e-1d08-469e-b014-67ae83791009'), 'attempt_number': 1, 'attempt_stage': 'start', 'time': 804355.124659049, 'method': 'GET', 'url': URL('https://api.elsevier.com/content/abstract/scopus_id/75149168974?view=FULL')}
{'attempts_id': UUID('1d6b8ca0-061a-4a2f-80cd-cafdd9ae6d92'), 'attempt_number': 2, 'attempt_stage': 'end', 'time': 804355.184193532, 'elapsed_time': 0.23209327994845808, 'result': <Success: <Response [404 Not Found]>>}
{'attempts_id': UUID('996b1244-d84b-47bc-9491-3cac8cdb522e'), 'attempt_number': 1, 'attempt_stage': 'start', 'time': 804355.184869278, 'method': 'GET', 'url': URL('https://api.elsevier.com/content/abstract/scopus_id/75149119880?view=FULL')}
{'attempts_id': UUID('802fa323-82e2-49d3-804b-fdddd256dfff'), 'attempt_number': 1, 'attempt_stage': 'end', 'time': 804355.286884511, 'elapsed_time': 0.2480374729493633, 'result': <Success: <Response [404 Not Found]>>}
{'attempts_id': UUID('ed955ca0-4daf-43f1-830d-9a5b81386746'), 'attempt_number': 1, 'attempt_stage': 'start', 'time': 804355.287916323, 'method': 'GET', 'url': URL('https://api.elsevier.com/content/abstract/scopus_id/31344453213?view=FULL')}
{'attempts_id': UUID('a9164cd5-48d0-46ac-840d-3ab1ced37ccc'), 'attempt_number': 2, 'attempt_stage': 'end', 'time': 804355.299360891, 'elapsed_time': 0.27577198203653097, 'result': <Success: <Response [200 OK]>>}
{'attempts_id': UUID('5cbe50d4-fd3c-4ca8-a6c7-19bd3a2ed1a6'), 'attempt_number': 1, 'attempt_stage': 'start', 'time': 804355.29989816, 'method': 'GET', 'url': URL('https://api.elsevier.com/content/abstract/scopus_id/0029972849?view=FULL')}
{'attempts_id': UUID('6e96446e-1d08-469e-b014-67ae83791009'), 'attempt_number': 1, 'attempt_stage': 'end', 'time': 804355.34053545, 'elapsed_time': 0.21587640105281025, 'result': <Success: <Response [404 Not Found]>>}
{'attempts_id': UUID('f64ffba0-b886-41a1-8927-ce3ad265536c'), 'attempt_number': 1, 'attempt_stage': 'start', 'time': 804355.342036773, 'method': 'GET', 'url': URL('https://api.elsevier.com/content/abstract/scopus_id/33846781508?view=FULL')}
{'attempts_id': UUID('996b1244-d84b-47bc-9491-3cac8cdb522e'), 'attempt_number': 1, 'attempt_stage': 'end', 'time': 804355.405595026, 'elapsed_time': 0.22072574798949063, 'result': <Success: <Response [404 Not Found]>>}
{'attempts_id': UUID('e253ee77-9fbd-43e6-81a3-8bb4f6cff769'), 'attempt_number': 1, 'attempt_stage': 'start', 'time': 804355.406196237, 'method': 'GET', 'url': URL('https://api.elsevier.com/content/abstract/scopus_id/0033957644?view=FULL')}
{'attempts_id': UUID('ed955ca0-4daf-43f1-830d-9a5b81386746'), 'attempt_number': 1, 'attempt_stage': 'end', 'time': 804355.568912082, 'elapsed_time': 0.28099575894884765, 'result': <Success: <Response [200 OK]>>}
{'attempts_id': UUID('b546d815-c98c-42d9-a94b-273160d33a59'), 'attempt_number': 1, 'attempt_stage': 'start', 'time': 804355.569525977, 'method': 'GET', 'url': URL('https://api.elsevier.com/content/abstract/scopus_id/0032957934?view=FULL')}
{'attempts_id': UUID('5cbe50d4-fd3c-4ca8-a6c7-19bd3a2ed1a6'), 'attempt_number': 1, 'attempt_stage': 'end', 'time': 804355.609069867, 'elapsed_time': 0.30917170690372586, 'result': <Success: <Response [200 OK]>>}
{'attempts_id': UUID('88b0bc08-1534-4d0e-abea-96641fe3a830'), 'attempt_number': 1, 'attempt_stage': 'start', 'time': 804355.609687049, 'method': 'GET', 'url': URL('https://api.elsevier.com/content/abstract/scopus_id/75149131091?view=FULL')}
{'attempts_id': UUID('f64ffba0-b886-41a1-8927-ce3ad265536c'), 'attempt_number': 1, 'attempt_stage': 'end', 'time': 804355.676095465, 'elapsed_time': 0.33405869198031723, 'result': <Success: <Response [200 OK]>>}
{'attempts_id': UUID('7147a160-2171-4d4a-8f77-93c11f0336b7'), 'attempt_number': 1, 'attempt_stage': 'start', 'time': 804355.676598369, 'method': 'GET', 'url': URL('https://api.elsevier.com/content/abstract/scopus_id/38549151817?view=FULL')}
{'attempts_id': UUID('88b0bc08-1534-4d0e-abea-96641fe3a830'), 'attempt_number': 1, 'attempt_stage': 'end', 'time': 804355.687189679, 'elapsed_time': 0.07750263006892055, 'result': <Success: <Response [429 Too Many Requests]>>}
{'attempts_id': UUID('e253ee77-9fbd-43e6-81a3-8bb4f6cff769'), 'attempt_number': 1, 'attempt_stage': 'end', 'time': 804355.729454162, 'elapsed_time': 0.32325792498886585, 'result': <Success: <Response [200 OK]>>}
{'attempts_id': UUID('1d9e2da8-8665-400a-8001-63b2823f627b'), 'attempt_number': 1, 'attempt_stage': 'start', 'time': 804355.730208541, 'method': 'GET', 'url': URL('https://api.elsevier.com/content/abstract/scopus_id/0036219595?view=FULL')}
{'attempts_id': UUID('7147a160-2171-4d4a-8f77-93c11f0336b7'), 'attempt_number': 1, 'attempt_stage': 'end', 'time': 804355.759751379, 'elapsed_time': 0.08315300999674946, 'result': <Success: <Response [429 Too Many Requests]>>}
{'attempts_id': UUID('1d9e2da8-8665-400a-8001-63b2823f627b'), 'attempt_number': 1, 'attempt_stage': 'end', 'time': 804355.806920039, 'elapsed_time': 0.07671149796806276, 'result': <Success: <Response [429 Too Many Requests]>>}
{'attempts_id': UUID('b546d815-c98c-42d9-a94b-273160d33a59'), 'attempt_number': 1, 'attempt_stage': 'end', 'time': 804355.829579763, 'elapsed_time': 0.26005378598347306, 'result': <Success: <Response [200 OK]>>}
{'attempts_id': UUID('7693bf10-3116-4bbe-93d7-4f0f9c0ae578'), 'attempt_number': 1, 'attempt_stage': 'start', 'time': 804355.830327894, 'method': 'GET', 'url': URL('https://api.elsevier.com/content/abstract/scopus_id/0037169297?view=FULL')}
{'attempts_id': UUID('7693bf10-3116-4bbe-93d7-4f0f9c0ae578'), 'attempt_number': 1, 'attempt_stage': 'end', 'time': 804355.90554393, 'elapsed_time': 0.0752160360570997, 'result': <Success: <Response [429 Too Many Requests]>>}
{'attempts_id': UUID('88b0bc08-1534-4d0e-abea-96641fe3a830'), 'attempt_number': 2, 'attempt_stage': 'start', 'time': 804357.688035378, 'method': 'GET', 'url': URL('https://api.elsevier.com/content/abstract/scopus_id/75149131091?view=FULL')}
{'attempts_id': UUID('7147a160-2171-4d4a-8f77-93c11f0336b7'), 'attempt_number': 2, 'attempt_stage': 'start', 'time': 804357.760075382, 'method': 'GET', 'url': URL('https://api.elsevier.com/content/abstract/scopus_id/38549151817?view=FULL')}
{'attempts_id': UUID('1d9e2da8-8665-400a-8001-63b2823f627b'), 'attempt_number': 2, 'attempt_stage': 'start', 'time': 804357.808081044, 'method': 'GET', 'url': URL('https://api.elsevier.com/content/abstract/scopus_id/0036219595?view=FULL')}
{'attempts_id': UUID('7693bf10-3116-4bbe-93d7-4f0f9c0ae578'), 'attempt_number': 2, 'attempt_stage': 'start', 'time': 804357.906596754, 'method': 'GET', 'url': URL('https://api.elsevier.com/content/abstract/scopus_id/0037169297?view=FULL')}
{'attempts_id': UUID('88b0bc08-1534-4d0e-abea-96641fe3a830'), 'attempt_number': 2, 'attempt_stage': 'end', 'time': 804357.923761395, 'elapsed_time': 0.2357260170392692, 'result': <Success: <Response [404 Not Found]>>}
{'attempts_id': UUID('c578e981-71c8-46b3-8d5d-64860cb79536'), 'attempt_number': 1, 'attempt_stage': 'start', 'time': 804357.924345754, 'method': 'GET', 'url': URL('https://api.elsevier.com/content/abstract/scopus_id/0037409169?view=FULL')}
{'attempts_id': UUID('7147a160-2171-4d4a-8f77-93c11f0336b7'), 'attempt_number': 2, 'attempt_stage': 'end', 'time': 804358.14727525, 'elapsed_time': 0.38719986809883267, 'result': <Success: <Response [200 OK]>>}
{'attempts_id': UUID('1d9e2da8-8665-400a-8001-63b2823f627b'), 'attempt_number': 2, 'attempt_stage': 'end', 'time': 804358.147880313, 'elapsed_time': 0.33979926898609847, 'result': <Success: <Response [200 OK]>>}
{'attempts_id': UUID('7693bf10-3116-4bbe-93d7-4f0f9c0ae578'), 'attempt_number': 2, 'attempt_stage': 'end', 'time': 804358.231103821, 'elapsed_time': 0.3245070669800043, 'result': <Success: <Response [200 OK]>>}
{'attempts_id': UUID('c578e981-71c8-46b3-8d5d-64860cb79536'), 'attempt_number': 1, 'attempt_stage': 'end', 'time': 804358.263723638, 'elapsed_time': 0.3393778840545565, 'result': <Success: <Response [200 OK]>>}
